<?xml version="1.0" encoding="UTF-8"?>
<robot generator="Robot 3.2.2 (Python 3.8.5 on win32)" generated="20201122 20:12:40.371" rpa="false">
<suite id="s1" name="TestCases" source="C:\Users\Punith.Keshav\PycharmProjects\RobotFrameworkProject\TestCases">
<suite id="s1-s1" name="Mouseoper" source="C:\Users\Punith.Keshav\PycharmProjects\RobotFrameworkProject\TestCases\mouseoper.robot">
<test id="s1-s1-t1" name="MouseActions">
<kw name="Open Browser" library="SeleniumLibrary">
<doc>Opens a new browser instance to the optional ``url``.</doc>
<arguments>
<arg>${url}</arg>
<arg>${browser}</arg>
</arguments>
<msg timestamp="20201122 20:12:41.664" level="INFO">Opening browser 'chrome' to base url 'https://swisnl.github.io/jQuery-contextMenu/demo.html'.</msg>
<status status="PASS" starttime="20201122 20:12:41.658" endtime="20201122 20:12:51.216"></status>
</kw>
<kw name="Maximize Browser Window" library="SeleniumLibrary">
<doc>Maximizes current browser window.</doc>
<status status="PASS" starttime="20201122 20:12:51.216" endtime="20201122 20:12:55.670"></status>
</kw>
<kw name="Open Context Menu" library="SeleniumLibrary">
<doc>Opens the context menu on the element identified by ``locator``.</doc>
<arguments>
<arg>xpath://span[@class='context-menu-one btn btn-neutral']</arg>
</arguments>
<status status="PASS" starttime="20201122 20:12:55.671" endtime="20201122 20:12:56.164"></status>
</kw>
<kw name="Sleep" library="BuiltIn">
<doc>Pauses the test executed for the given time.</doc>
<arguments>
<arg>3</arg>
</arguments>
<msg timestamp="20201122 20:12:59.179" level="INFO">Slept 3 seconds</msg>
<status status="PASS" starttime="20201122 20:12:56.164" endtime="20201122 20:12:59.179"></status>
</kw>
<kw name="Go To" library="SeleniumLibrary">
<doc>Navigates the current browser window to the provided ``url``.</doc>
<arguments>
<arg>${url2}</arg>
</arguments>
<msg timestamp="20201122 20:12:59.180" level="INFO">Opening url 'http://testautomationpractice.blogspot.com/'</msg>
<status status="PASS" starttime="20201122 20:12:59.179" endtime="20201122 20:13:41.073"></status>
</kw>
<kw name="Maximize Browser Window" library="SeleniumLibrary">
<doc>Maximizes current browser window.</doc>
<status status="PASS" starttime="20201122 20:13:41.074" endtime="20201122 20:13:41.611"></status>
</kw>
<kw name="Double Click Element" library="SeleniumLibrary">
<doc>Double clicks the element identified by ``locator``.</doc>
<arguments>
<arg>xpath://button[normalize-space()='Copy Text']</arg>
</arguments>
<msg timestamp="20201122 20:13:41.613" level="INFO">Double clicking element 'xpath://button[normalize-space()='Copy Text']'.</msg>
<status status="PASS" starttime="20201122 20:13:41.612" endtime="20201122 20:13:42.257"></status>
</kw>
<kw name="Sleep" library="BuiltIn">
<doc>Pauses the test executed for the given time.</doc>
<arguments>
<arg>3</arg>
</arguments>
<msg timestamp="20201122 20:13:45.271" level="INFO">Slept 3 seconds</msg>
<status status="PASS" starttime="20201122 20:13:42.258" endtime="20201122 20:13:45.272"></status>
</kw>
<kw name="Go To" library="SeleniumLibrary">
<doc>Navigates the current browser window to the provided ``url``.</doc>
<arguments>
<arg>${url3}</arg>
</arguments>
<msg timestamp="20201122 20:13:45.273" level="INFO">Opening url 'http://www.dhtmlgoodies.com/scripts/drag-drop-custom/demo-drag-drop-3.html'</msg>
<status status="PASS" starttime="20201122 20:13:45.272" endtime="20201122 20:13:59.384"></status>
</kw>
<kw name="Maximize Browser Window" library="SeleniumLibrary">
<doc>Maximizes current browser window.</doc>
<status status="PASS" starttime="20201122 20:13:59.384" endtime="20201122 20:13:59.395"></status>
</kw>
<kw name="Drag And Drop" library="SeleniumLibrary">
<doc>Drags the element identified by ``locator`` into the ``target`` element.</doc>
<arguments>
<arg>id:box6</arg>
<arg>id:box106</arg>
</arguments>
<status status="PASS" starttime="20201122 20:13:59.395" endtime="20201122 20:14:14.847"></status>
</kw>
<kw name="Sleep" library="BuiltIn">
<doc>Pauses the test executed for the given time.</doc>
<arguments>
<arg>4</arg>
</arguments>
<msg timestamp="20201122 20:14:18.851" level="INFO">Slept 4 seconds</msg>
<status status="PASS" starttime="20201122 20:14:14.847" endtime="20201122 20:14:18.852"></status>
</kw>
<kw name="Close All Browsers" library="SeleniumLibrary">
<doc>Closes all open browsers and resets the browser cache.</doc>
<status status="PASS" starttime="20201122 20:14:18.852" endtime="20201122 20:14:25.842"></status>
</kw>
<status status="PASS" starttime="20201122 20:12:41.656" endtime="20201122 20:14:25.843" critical="yes"></status>
</test>
<status status="PASS" starttime="20201122 20:12:40.512" endtime="20201122 20:14:25.845"></status>
</suite>
<status status="PASS" starttime="20201122 20:12:40.379" endtime="20201122 20:14:25.849"></status>
</suite>
<statistics>
<total>
<stat pass="1" fail="0">Critical Tests</stat>
<stat pass="1" fail="0">All Tests</stat>
</total>
<tag>
</tag>
<suite>
<stat pass="1" fail="0" id="s1" name="TestCases">TestCases</stat>
<stat pass="1" fail="0" id="s1-s1" name="Mouseoper">TestCases.Mouseoper</stat>
</suite>
</statistics>
<errors>
</errors>
</robot>
