<?xml version="1.0" encoding="UTF-8"?>
<robot generator="Robot 3.2.2 (Python 3.8.5 on win32)" generated="20201122 20:14:03.861" rpa="false">
<suite id="s1" name="TestCases" source="C:\Users\Punith.Keshav\PycharmProjects\RobotFrameworkProject\TestCases">
<suite id="s1-s1" name="Scroll" source="C:\Users\Punith.Keshav\PycharmProjects\RobotFrameworkProject\TestCases\scroll.robot">
<test id="s1-s1-t1" name="Scroll">
<kw name="Open Browser" library="SeleniumLibrary">
<doc>Opens a new browser instance to the optional ``url``.</doc>
<arguments>
<arg>${url}</arg>
<arg>${browser}</arg>
</arguments>
<msg timestamp="20201122 20:14:04.776" level="INFO">Opening browser 'chrome' to base url 'https://www.countries-ofthe-world.com/flags-of-the-world.html'.</msg>
<status status="PASS" starttime="20201122 20:14:04.775" endtime="20201122 20:14:13.028"></status>
</kw>
<kw name="Maximize Browser Window" library="SeleniumLibrary">
<doc>Maximizes current browser window.</doc>
<status status="PASS" starttime="20201122 20:14:13.028" endtime="20201122 20:14:15.773"></status>
</kw>
<kw name="Execute Javascript" library="SeleniumLibrary">
<doc>Executes the given JavaScript code with possible arguments.</doc>
<arguments>
<arg>window.scrollTo(0,1500)</arg>
</arguments>
<msg timestamp="20201122 20:14:15.774" level="INFO">Executing JavaScript:
window.scrollTo(0,1500)
Without any arguments.</msg>
<status status="PASS" starttime="20201122 20:14:15.773" endtime="20201122 20:14:15.813"></status>
</kw>
<kw name="Scroll Element Into View" library="SeleniumLibrary">
<doc>Scrolls the element identified by ``locator`` into view.</doc>
<arguments>
<arg>xpath://img[@alt='Flag of India']</arg>
</arguments>
<status status="PASS" starttime="20201122 20:14:15.814" endtime="20201122 20:14:16.200"></status>
</kw>
<kw name="Execute Javascript" library="SeleniumLibrary">
<doc>Executes the given JavaScript code with possible arguments.</doc>
<arguments>
<arg>window.scrollTo(0,document.body.scrollHeight)</arg>
</arguments>
<msg timestamp="20201122 20:14:16.203" level="INFO">Executing JavaScript:
window.scrollTo(0,document.body.scrollHeight)
Without any arguments.</msg>
<status status="PASS" starttime="20201122 20:14:16.201" endtime="20201122 20:14:16.646"></status>
</kw>
<kw name="Sleep" library="BuiltIn">
<doc>Pauses the test executed for the given time.</doc>
<arguments>
<arg>5</arg>
</arguments>
<msg timestamp="20201122 20:14:21.665" level="INFO">Slept 5 seconds</msg>
<status status="PASS" starttime="20201122 20:14:16.647" endtime="20201122 20:14:21.666"></status>
</kw>
<kw name="Execute Javascript" library="SeleniumLibrary">
<doc>Executes the given JavaScript code with possible arguments.</doc>
<arguments>
<arg>window.scrollTo(0,-document.body.scrollHeight)</arg>
</arguments>
<msg timestamp="20201122 20:14:21.668" level="INFO">Executing JavaScript:
window.scrollTo(0,-document.body.scrollHeight)
Without any arguments.</msg>
<status status="PASS" starttime="20201122 20:14:21.666" endtime="20201122 20:14:21.737"></status>
</kw>
<status status="PASS" starttime="20201122 20:14:04.771" endtime="20201122 20:14:21.737" critical="yes"></status>
</test>
<status status="PASS" starttime="20201122 20:14:03.953" endtime="20201122 20:14:21.739"></status>
</suite>
<status status="PASS" starttime="20201122 20:14:03.866" endtime="20201122 20:14:21.744"></status>
</suite>
<statistics>
<total>
<stat pass="1" fail="0">Critical Tests</stat>
<stat pass="1" fail="0">All Tests</stat>
</total>
<tag>
</tag>
<suite>
<stat pass="1" fail="0" id="s1" name="TestCases">TestCases</stat>
<stat pass="1" fail="0" id="s1-s1" name="Scroll">TestCases.Scroll</stat>
</suite>
</statistics>
<errors>
</errors>
</robot>
