<?xml version="1.0" encoding="UTF-8"?>
<robot generator="Robot 3.2.2 (Python 3.8.5 on win32)" generated="20201122 20:13:49.685" rpa="false">
<suite id="s1" name="TestCases" source="C:\Users\Punith.Keshav\PycharmProjects\RobotFrameworkProject\TestCases">
<suite id="s1-s1" name="RadioButtons" source="C:\Users\Punith.Keshav\PycharmProjects\RobotFrameworkProject\TestCases\RadioButtons.robot">
<test id="s1-s1-t1" name="Testing Radio Buttons and Check Boxes">
<kw name="Open Browser" library="SeleniumLibrary">
<doc>Opens a new browser instance to the optional ``url``.</doc>
<arguments>
<arg>${url}</arg>
<arg>${browser}</arg>
</arguments>
<msg timestamp="20201122 20:13:50.629" level="INFO">Opening browser 'chrome' to base url 'http://www.practiceselenium.com/practice-form.html'.</msg>
<status status="PASS" starttime="20201122 20:13:50.628" endtime="20201122 20:14:11.138"></status>
</kw>
<kw name="Maximize Browser Window" library="SeleniumLibrary">
<doc>Maximizes current browser window.</doc>
<status status="PASS" starttime="20201122 20:14:11.138" endtime="20201122 20:14:13.886"></status>
</kw>
<kw name="Set Selenium Speed" library="SeleniumLibrary">
<doc>Sets the delay that is waited after each Selenium command.</doc>
<arguments>
<arg>2seconds</arg>
</arguments>
<status status="PASS" starttime="20201122 20:14:13.887" endtime="20201122 20:14:13.887"></status>
</kw>
<kw name="Select Radio Button" library="SeleniumLibrary">
<doc>Sets the radio button group ``group_name`` to ``value``.</doc>
<arguments>
<arg>sex</arg>
<arg>Female</arg>
</arguments>
<msg timestamp="20201122 20:14:13.888" level="INFO">Selecting 'Female' from radio button 'sex'.</msg>
<status status="PASS" starttime="20201122 20:14:13.888" endtime="20201122 20:14:20.775"></status>
</kw>
<kw name="Select Radio Button" library="SeleniumLibrary">
<doc>Sets the radio button group ``group_name`` to ``value``.</doc>
<arguments>
<arg>exp</arg>
<arg>5</arg>
</arguments>
<msg timestamp="20201122 20:14:20.776" level="INFO">Selecting '5' from radio button 'exp'.</msg>
<status status="PASS" starttime="20201122 20:14:20.775" endtime="20201122 20:14:29.253"></status>
</kw>
<kw name="Select Checkbox" library="SeleniumLibrary">
<doc>Selects the checkbox identified by ``locator``.</doc>
<arguments>
<arg>BlackTea</arg>
</arguments>
<msg timestamp="20201122 20:14:29.254" level="INFO">Selecting checkbox 'BlackTea'.</msg>
<status status="PASS" starttime="20201122 20:14:29.253" endtime="20201122 20:14:41.384"></status>
</kw>
<kw name="Select Checkbox" library="SeleniumLibrary">
<doc>Selects the checkbox identified by ``locator``.</doc>
<arguments>
<arg>RedTea</arg>
</arguments>
<msg timestamp="20201122 20:14:41.385" level="INFO">Selecting checkbox 'RedTea'.</msg>
<status status="PASS" starttime="20201122 20:14:41.384" endtime="20201122 20:14:52.831"></status>
</kw>
<kw name="Unselect Checkbox" library="SeleniumLibrary">
<doc>Removes the selection of checkbox identified by ``locator``.</doc>
<arguments>
<arg>BlackTea</arg>
</arguments>
<msg timestamp="20201122 20:14:52.832" level="INFO">Unselecting checkbox 'BlackTea'.</msg>
<status status="PASS" starttime="20201122 20:14:52.831" endtime="20201122 20:15:05.162"></status>
</kw>
<status status="PASS" starttime="20201122 20:13:50.627" endtime="20201122 20:15:05.162" critical="yes"></status>
</test>
<status status="PASS" starttime="20201122 20:13:49.787" endtime="20201122 20:15:05.164"></status>
</suite>
<status status="PASS" starttime="20201122 20:13:49.689" endtime="20201122 20:15:05.168"></status>
</suite>
<statistics>
<total>
<stat pass="1" fail="0">Critical Tests</stat>
<stat pass="1" fail="0">All Tests</stat>
</total>
<tag>
</tag>
<suite>
<stat pass="1" fail="0" id="s1" name="TestCases">TestCases</stat>
<stat pass="1" fail="0" id="s1-s1" name="RadioButtons">TestCases.RadioButtons</stat>
</suite>
</statistics>
<errors>
</errors>
</robot>
