<?xml version="1.0" encoding="UTF-8"?>
<robot generator="Robot 3.2.2 (Python 3.8.5 on win32)" generated="20201122 20:27:24.365" rpa="false">
<suite id="s1" name="LoginTest" source="C:\Users\Punith.Keshav\PycharmProjects\RobotFrameworkProject\TestCases\LoginTest.robot">
<test id="s1-t1" name="Login Test">
<kw name="Open My Browser" library="LoginKeyword">
<arguments>
<arg>${SiteUrl}</arg>
<arg>${Browser}</arg>
</arguments>
<kw name="Open Browser" library="SeleniumLibrary">
<doc>Opens a new browser instance to the optional ``url``.</doc>
<arguments>
<arg>${SiteUrl}</arg>
<arg>${Browser}</arg>
</arguments>
<msg timestamp="20201122 20:27:24.899" level="INFO">Opening browser 'headlesschrome' to base url 'http://demo.guru99.com/test/newtours/index.php'.</msg>
<status status="PASS" starttime="20201122 20:27:24.899" endtime="20201122 20:27:33.645"></status>
</kw>
<kw name="Maximize Browser Window" library="SeleniumLibrary">
<doc>Maximizes current browser window.</doc>
<status status="PASS" starttime="20201122 20:27:33.645" endtime="20201122 20:27:35.781"></status>
</kw>
<status status="PASS" starttime="20201122 20:27:24.898" endtime="20201122 20:27:35.782"></status>
</kw>
<kw name="Enter User Name" library="LoginKeyword">
<arguments>
<arg>${user}</arg>
</arguments>
<kw name="Input Text" library="SeleniumLibrary">
<doc>Types the given ``text`` into the text field identified by ``locator``.</doc>
<arguments>
<arg>${txt_loginUserName}</arg>
<arg>${username}</arg>
</arguments>
<msg timestamp="20201122 20:27:35.783" level="INFO">Typing text 'tutorial' into text field 'name:userName'.</msg>
<status status="PASS" starttime="20201122 20:27:35.783" endtime="20201122 20:27:36.020"></status>
</kw>
<status status="PASS" starttime="20201122 20:27:35.782" endtime="20201122 20:27:36.021"></status>
</kw>
<kw name="Enter Password" library="LoginKeyword">
<arguments>
<arg>${password}</arg>
</arguments>
<kw name="Input Text" library="SeleniumLibrary">
<doc>Types the given ``text`` into the text field identified by ``locator``.</doc>
<arguments>
<arg>${txt_loginPassword}</arg>
<arg>${password}</arg>
</arguments>
<msg timestamp="20201122 20:27:36.023" level="INFO">Typing text 'tutorial' into text field 'name:password'.</msg>
<status status="PASS" starttime="20201122 20:27:36.022" endtime="20201122 20:27:36.199"></status>
</kw>
<status status="PASS" starttime="20201122 20:27:36.021" endtime="20201122 20:27:36.200"></status>
</kw>
<kw name="Click SignIn" library="LoginKeyword">
<kw name="Click Button" library="SeleniumLibrary">
<doc>Clicks the button identified by ``locator``.</doc>
<arguments>
<arg>${btn_SignIn}</arg>
</arguments>
<msg timestamp="20201122 20:27:36.204" level="INFO">Clicking button 'xpath://input[@value='Submit']'.</msg>
<status status="PASS" starttime="20201122 20:27:36.203" endtime="20201122 20:27:37.917"></status>
</kw>
<status status="PASS" starttime="20201122 20:27:36.201" endtime="20201122 20:27:37.917"></status>
</kw>
<kw name="Sleep" library="BuiltIn">
<doc>Pauses the test executed for the given time.</doc>
<arguments>
<arg>3</arg>
</arguments>
<msg timestamp="20201122 20:27:40.925" level="INFO">Slept 3 seconds</msg>
<status status="PASS" starttime="20201122 20:27:37.918" endtime="20201122 20:27:40.925"></status>
</kw>
<kw name="Verify Successfull Login" library="LoginKeyword">
<kw name="Title Should Be" library="SeleniumLibrary">
<doc>Verifies that the current page title equals ``title``.</doc>
<arguments>
<arg>Login: Mercury Tours</arg>
</arguments>
<msg timestamp="20201122 20:27:40.936" level="INFO">Page title is 'Login: Mercury Tours'.</msg>
<status status="PASS" starttime="20201122 20:27:40.927" endtime="20201122 20:27:40.937"></status>
</kw>
<status status="PASS" starttime="20201122 20:27:40.926" endtime="20201122 20:27:40.937"></status>
</kw>
<kw name="Close my Browsers" library="LoginKeyword">
<kw name="Close All Browsers" library="SeleniumLibrary">
<doc>Closes all open browsers and resets the browser cache.</doc>
<status status="PASS" starttime="20201122 20:27:40.938" endtime="20201122 20:27:43.361"></status>
</kw>
<status status="PASS" starttime="20201122 20:27:40.937" endtime="20201122 20:27:43.361"></status>
</kw>
<status status="PASS" starttime="20201122 20:27:24.896" endtime="20201122 20:27:43.362" critical="yes"></status>
</test>
<status status="PASS" starttime="20201122 20:27:24.370" endtime="20201122 20:27:43.366"></status>
</suite>
<statistics>
<total>
<stat pass="1" fail="0">Critical Tests</stat>
<stat pass="1" fail="0">All Tests</stat>
</total>
<tag>
</tag>
<suite>
<stat pass="1" fail="0" id="s1" name="LoginTest">LoginTest</stat>
</suite>
</statistics>
<errors>
</errors>
</robot>
