<?xml version="1.0" encoding="UTF-8"?>
<robot generator="Robot 3.2.2 (Python 3.8.5 on win32)" generated="20201122 20:13:33.470" rpa="false">
<suite id="s1" name="TestCases" source="C:\Users\Punith.Keshav\PycharmProjects\RobotFrameworkProject\TestCases">
<suite id="s1-s1" name="Navigation" source="C:\Users\Punith.Keshav\PycharmProjects\RobotFrameworkProject\TestCases\navigation.robot">
<test id="s1-s1-t1" name="Navigation">
<kw name="Open Browser" library="SeleniumLibrary">
<doc>Opens a new browser instance to the optional ``url``.</doc>
<arguments>
<arg>${url}</arg>
<arg>${browser}</arg>
</arguments>
<msg timestamp="20201122 20:13:34.500" level="INFO">Opening browser 'chrome' to base url 'https://www.google.com/'.</msg>
<status status="PASS" starttime="20201122 20:13:34.499" endtime="20201122 20:13:42.276"></status>
</kw>
<kw name="Maximize Browser Window" library="SeleniumLibrary">
<doc>Maximizes current browser window.</doc>
<status status="PASS" starttime="20201122 20:13:42.276" endtime="20201122 20:13:44.639"></status>
</kw>
<kw name="Get Location" library="SeleniumLibrary">
<doc>Returns the current browser window URL.</doc>
<assign>
<var>${loc}</var>
</assign>
<msg timestamp="20201122 20:13:44.669" level="INFO">${loc} = https://www.google.com/</msg>
<status status="PASS" starttime="20201122 20:13:44.639" endtime="20201122 20:13:44.669"></status>
</kw>
<kw name="Log To Console" library="BuiltIn">
<doc>Logs the given message to the console.</doc>
<arguments>
<arg>${loc}</arg>
</arguments>
<status status="PASS" starttime="20201122 20:13:44.669" endtime="20201122 20:13:44.670"></status>
</kw>
<kw name="Go To" library="SeleniumLibrary">
<doc>Navigates the current browser window to the provided ``url``.</doc>
<arguments>
<arg>${url1}</arg>
</arguments>
<msg timestamp="20201122 20:13:44.671" level="INFO">Opening url 'https://www.bing.com/'</msg>
<status status="PASS" starttime="20201122 20:13:44.671" endtime="20201122 20:13:45.860"></status>
</kw>
<kw name="Get Location" library="SeleniumLibrary">
<doc>Returns the current browser window URL.</doc>
<assign>
<var>${loc}</var>
</assign>
<msg timestamp="20201122 20:13:45.881" level="INFO">${loc} = https://www.bing.com/</msg>
<status status="PASS" starttime="20201122 20:13:45.861" endtime="20201122 20:13:45.881"></status>
</kw>
<kw name="Log To Console" library="BuiltIn">
<doc>Logs the given message to the console.</doc>
<arguments>
<arg>${loc}</arg>
</arguments>
<status status="PASS" starttime="20201122 20:13:45.881" endtime="20201122 20:13:45.882"></status>
</kw>
<kw name="Go Back" library="SeleniumLibrary">
<doc>Simulates the user clicking the back button on their browser.</doc>
<status status="PASS" starttime="20201122 20:13:45.882" endtime="20201122 20:13:47.608"></status>
</kw>
<kw name="Get Location" library="SeleniumLibrary">
<doc>Returns the current browser window URL.</doc>
<assign>
<var>${loc}</var>
</assign>
<msg timestamp="20201122 20:13:47.620" level="INFO">${loc} = https://www.google.com/</msg>
<status status="PASS" starttime="20201122 20:13:47.608" endtime="20201122 20:13:47.620"></status>
</kw>
<kw name="Log To Console" library="BuiltIn">
<doc>Logs the given message to the console.</doc>
<arguments>
<arg>${loc}</arg>
</arguments>
<status status="PASS" starttime="20201122 20:13:47.620" endtime="20201122 20:13:47.621"></status>
</kw>
<status status="PASS" starttime="20201122 20:13:34.493" endtime="20201122 20:13:47.621" critical="yes"></status>
</test>
<status status="PASS" starttime="20201122 20:13:33.567" endtime="20201122 20:13:47.623"></status>
</suite>
<status status="PASS" starttime="20201122 20:13:33.475" endtime="20201122 20:13:47.630"></status>
</suite>
<statistics>
<total>
<stat pass="1" fail="0">Critical Tests</stat>
<stat pass="1" fail="0">All Tests</stat>
</total>
<tag>
</tag>
<suite>
<stat pass="1" fail="0" id="s1" name="TestCases">TestCases</stat>
<stat pass="1" fail="0" id="s1-s1" name="Navigation">TestCases.Navigation</stat>
</suite>
</statistics>
<errors>
</errors>
</robot>
