<?xml version="1.0" encoding="UTF-8"?>
<robot generator="Robot 3.2.2 (Python 3.8.5 on win32)" generated="20201122 20:09:44.902" rpa="false">
<suite id="s1" name="TestCases" source="C:\Users\Punith.Keshav\PycharmProjects\RobotFrameworkProject\TestCases">
<suite id="s1-s1" name="DDT1" source="C:\Users\Punith.Keshav\PycharmProjects\RobotFrameworkProject\TestCases\DDT1.robot">
<kw name="Open My Browser" library="login_Resources" type="setup">
<kw name="Open Browser" library="SeleniumLibrary">
<doc>Opens a new browser instance to the optional ``url``.</doc>
<arguments>
<arg>${Login url}</arg>
<arg>${browser}</arg>
</arguments>
<msg timestamp="20201122 20:09:46.689" level="INFO">Opening browser 'chrome' to base url 'https://admin-demo.nopcommerce.com/'.</msg>
<status status="PASS" starttime="20201122 20:09:46.687" endtime="20201122 20:09:58.894"></status>
</kw>
<kw name="Maximize Browser Window" library="SeleniumLibrary">
<doc>Maximizes current browser window.</doc>
<status status="PASS" starttime="20201122 20:09:58.894" endtime="20201122 20:10:01.220"></status>
</kw>
<status status="PASS" starttime="20201122 20:09:46.686" endtime="20201122 20:10:01.220"></status>
</kw>
<test id="s1-s1-t1" name="Right User empty Password">
<kw name="Invalid Login">
<arguments>
<arg>admin@yourstore.com</arg>
<arg>${EMPTY}</arg>
</arguments>
<kw name="Input UserName" library="login_Resources">
<arguments>
<arg>${username}</arg>
</arguments>
<kw name="Input Text" library="SeleniumLibrary">
<doc>Types the given ``text`` into the text field identified by ``locator``.</doc>
<arguments>
<arg>id:Email</arg>
<arg>${username}</arg>
</arguments>
<msg timestamp="20201122 20:10:01.229" level="INFO">Typing text 'admin@yourstore.com' into text field 'id:Email'.</msg>
<status status="PASS" starttime="20201122 20:10:01.228" endtime="20201122 20:10:02.412"></status>
</kw>
<status status="PASS" starttime="20201122 20:10:01.226" endtime="20201122 20:10:02.413"></status>
</kw>
<kw name="Input Password" library="login_Resources">
<arguments>
<arg>${password}</arg>
</arguments>
<kw name="Input Text" library="SeleniumLibrary">
<doc>Types the given ``text`` into the text field identified by ``locator``.</doc>
<arguments>
<arg>id:Password</arg>
<arg>${password}</arg>
</arguments>
<msg timestamp="20201122 20:10:02.414" level="INFO">Typing text '' into text field 'id:Password'.</msg>
<status status="PASS" starttime="20201122 20:10:02.414" endtime="20201122 20:10:02.678"></status>
</kw>
<status status="PASS" starttime="20201122 20:10:02.413" endtime="20201122 20:10:02.678"></status>
</kw>
<kw name="Click on Login Button" library="login_Resources">
<kw name="Click Element" library="SeleniumLibrary">
<doc>Click the element identified by ``locator``.</doc>
<arguments>
<arg>xpath://input[@value='Log in']</arg>
</arguments>
<msg timestamp="20201122 20:10:02.680" level="INFO">Clicking element 'xpath://input[@value='Log in']'.</msg>
<status status="PASS" starttime="20201122 20:10:02.680" endtime="20201122 20:10:03.655"></status>
</kw>
<status status="PASS" starttime="20201122 20:10:02.679" endtime="20201122 20:10:03.656"></status>
</kw>
<kw name="Error Message should be visible" library="login_Resources">
<kw name="Page Should Contain" library="SeleniumLibrary">
<doc>Verifies that current page contains ``text``.</doc>
<arguments>
<arg>Login was unsuccessful</arg>
</arguments>
<msg timestamp="20201122 20:10:03.695" level="INFO">Current page contains text 'Login was unsuccessful'.</msg>
<status status="PASS" starttime="20201122 20:10:03.657" endtime="20201122 20:10:03.695"></status>
</kw>
<status status="PASS" starttime="20201122 20:10:03.656" endtime="20201122 20:10:03.695"></status>
</kw>
<status status="PASS" starttime="20201122 20:10:01.222" endtime="20201122 20:10:03.696"></status>
</kw>
<status status="PASS" starttime="20201122 20:10:01.220" endtime="20201122 20:10:03.696" critical="yes"></status>
</test>
<test id="s1-s1-t2" name="Right User wrong Password">
<kw name="Invalid Login">
<arguments>
<arg>admin@yourstore.com</arg>
<arg>xyz</arg>
</arguments>
<kw name="Input UserName" library="login_Resources">
<arguments>
<arg>${username}</arg>
</arguments>
<kw name="Input Text" library="SeleniumLibrary">
<doc>Types the given ``text`` into the text field identified by ``locator``.</doc>
<arguments>
<arg>id:Email</arg>
<arg>${username}</arg>
</arguments>
<msg timestamp="20201122 20:10:03.705" level="INFO">Typing text 'admin@yourstore.com' into text field 'id:Email'.</msg>
<status status="PASS" starttime="20201122 20:10:03.703" endtime="20201122 20:10:04.067"></status>
</kw>
<status status="PASS" starttime="20201122 20:10:03.701" endtime="20201122 20:10:04.067"></status>
</kw>
<kw name="Input Password" library="login_Resources">
<arguments>
<arg>${password}</arg>
</arguments>
<kw name="Input Text" library="SeleniumLibrary">
<doc>Types the given ``text`` into the text field identified by ``locator``.</doc>
<arguments>
<arg>id:Password</arg>
<arg>${password}</arg>
</arguments>
<msg timestamp="20201122 20:10:04.070" level="INFO">Typing text 'xyz' into text field 'id:Password'.</msg>
<status status="PASS" starttime="20201122 20:10:04.069" endtime="20201122 20:10:04.318"></status>
</kw>
<status status="PASS" starttime="20201122 20:10:04.068" endtime="20201122 20:10:04.319"></status>
</kw>
<kw name="Click on Login Button" library="login_Resources">
<kw name="Click Element" library="SeleniumLibrary">
<doc>Click the element identified by ``locator``.</doc>
<arguments>
<arg>xpath://input[@value='Log in']</arg>
</arguments>
<msg timestamp="20201122 20:10:04.320" level="INFO">Clicking element 'xpath://input[@value='Log in']'.</msg>
<status status="PASS" starttime="20201122 20:10:04.320" endtime="20201122 20:10:05.814"></status>
</kw>
<status status="PASS" starttime="20201122 20:10:04.319" endtime="20201122 20:10:05.815"></status>
</kw>
<kw name="Error Message should be visible" library="login_Resources">
<kw name="Page Should Contain" library="SeleniumLibrary">
<doc>Verifies that current page contains ``text``.</doc>
<arguments>
<arg>Login was unsuccessful</arg>
</arguments>
<msg timestamp="20201122 20:10:05.860" level="INFO">Current page contains text 'Login was unsuccessful'.</msg>
<status status="PASS" starttime="20201122 20:10:05.817" endtime="20201122 20:10:05.861"></status>
</kw>
<status status="PASS" starttime="20201122 20:10:05.815" endtime="20201122 20:10:05.861"></status>
</kw>
<status status="PASS" starttime="20201122 20:10:03.700" endtime="20201122 20:10:05.862"></status>
</kw>
<status status="PASS" starttime="20201122 20:10:03.697" endtime="20201122 20:10:05.862" critical="yes"></status>
</test>
<test id="s1-s1-t3" name="Wrong User right Password">
<kw name="Invalid Login">
<arguments>
<arg>admin1@yourstore.com</arg>
<arg>admin</arg>
</arguments>
<kw name="Input UserName" library="login_Resources">
<arguments>
<arg>${username}</arg>
</arguments>
<kw name="Input Text" library="SeleniumLibrary">
<doc>Types the given ``text`` into the text field identified by ``locator``.</doc>
<arguments>
<arg>id:Email</arg>
<arg>${username}</arg>
</arguments>
<msg timestamp="20201122 20:10:05.869" level="INFO">Typing text 'admin1@yourstore.com' into text field 'id:Email'.</msg>
<status status="PASS" starttime="20201122 20:10:05.869" endtime="20201122 20:10:06.410"></status>
</kw>
<status status="PASS" starttime="20201122 20:10:05.867" endtime="20201122 20:10:06.410"></status>
</kw>
<kw name="Input Password" library="login_Resources">
<arguments>
<arg>${password}</arg>
</arguments>
<kw name="Input Text" library="SeleniumLibrary">
<doc>Types the given ``text`` into the text field identified by ``locator``.</doc>
<arguments>
<arg>id:Password</arg>
<arg>${password}</arg>
</arguments>
<msg timestamp="20201122 20:10:06.413" level="INFO">Typing text 'admin' into text field 'id:Password'.</msg>
<status status="PASS" starttime="20201122 20:10:06.412" endtime="20201122 20:10:06.676"></status>
</kw>
<status status="PASS" starttime="20201122 20:10:06.411" endtime="20201122 20:10:06.676"></status>
</kw>
<kw name="Click on Login Button" library="login_Resources">
<kw name="Click Element" library="SeleniumLibrary">
<doc>Click the element identified by ``locator``.</doc>
<arguments>
<arg>xpath://input[@value='Log in']</arg>
</arguments>
<msg timestamp="20201122 20:10:06.678" level="INFO">Clicking element 'xpath://input[@value='Log in']'.</msg>
<status status="PASS" starttime="20201122 20:10:06.678" endtime="20201122 20:10:08.111"></status>
</kw>
<status status="PASS" starttime="20201122 20:10:06.677" endtime="20201122 20:10:08.112"></status>
</kw>
<kw name="Error Message should be visible" library="login_Resources">
<kw name="Page Should Contain" library="SeleniumLibrary">
<doc>Verifies that current page contains ``text``.</doc>
<arguments>
<arg>Login was unsuccessful</arg>
</arguments>
<msg timestamp="20201122 20:10:08.142" level="INFO">Current page contains text 'Login was unsuccessful'.</msg>
<status status="PASS" starttime="20201122 20:10:08.113" endtime="20201122 20:10:08.142"></status>
</kw>
<status status="PASS" starttime="20201122 20:10:08.112" endtime="20201122 20:10:08.142"></status>
</kw>
<status status="PASS" starttime="20201122 20:10:05.865" endtime="20201122 20:10:08.143"></status>
</kw>
<status status="PASS" starttime="20201122 20:10:05.863" endtime="20201122 20:10:08.143" critical="yes"></status>
</test>
<test id="s1-s1-t4" name="Wrong User empty Password">
<kw name="Invalid Login">
<arguments>
<arg>admin1@yourstore.com</arg>
<arg>${EMPTY}</arg>
</arguments>
<kw name="Input UserName" library="login_Resources">
<arguments>
<arg>${username}</arg>
</arguments>
<kw name="Input Text" library="SeleniumLibrary">
<doc>Types the given ``text`` into the text field identified by ``locator``.</doc>
<arguments>
<arg>id:Email</arg>
<arg>${username}</arg>
</arguments>
<msg timestamp="20201122 20:10:08.150" level="INFO">Typing text 'admin1@yourstore.com' into text field 'id:Email'.</msg>
<status status="PASS" starttime="20201122 20:10:08.149" endtime="20201122 20:10:08.515"></status>
</kw>
<status status="PASS" starttime="20201122 20:10:08.147" endtime="20201122 20:10:08.516"></status>
</kw>
<kw name="Input Password" library="login_Resources">
<arguments>
<arg>${password}</arg>
</arguments>
<kw name="Input Text" library="SeleniumLibrary">
<doc>Types the given ``text`` into the text field identified by ``locator``.</doc>
<arguments>
<arg>id:Password</arg>
<arg>${password}</arg>
</arguments>
<msg timestamp="20201122 20:10:08.518" level="INFO">Typing text '' into text field 'id:Password'.</msg>
<status status="PASS" starttime="20201122 20:10:08.518" endtime="20201122 20:10:08.842"></status>
</kw>
<status status="PASS" starttime="20201122 20:10:08.516" endtime="20201122 20:10:08.842"></status>
</kw>
<kw name="Click on Login Button" library="login_Resources">
<kw name="Click Element" library="SeleniumLibrary">
<doc>Click the element identified by ``locator``.</doc>
<arguments>
<arg>xpath://input[@value='Log in']</arg>
</arguments>
<msg timestamp="20201122 20:10:08.844" level="INFO">Clicking element 'xpath://input[@value='Log in']'.</msg>
<status status="PASS" starttime="20201122 20:10:08.843" endtime="20201122 20:10:09.699"></status>
</kw>
<status status="PASS" starttime="20201122 20:10:08.843" endtime="20201122 20:10:09.700"></status>
</kw>
<kw name="Error Message should be visible" library="login_Resources">
<kw name="Page Should Contain" library="SeleniumLibrary">
<doc>Verifies that current page contains ``text``.</doc>
<arguments>
<arg>Login was unsuccessful</arg>
</arguments>
<msg timestamp="20201122 20:10:09.729" level="INFO">Current page contains text 'Login was unsuccessful'.</msg>
<status status="PASS" starttime="20201122 20:10:09.702" endtime="20201122 20:10:09.729"></status>
</kw>
<status status="PASS" starttime="20201122 20:10:09.700" endtime="20201122 20:10:09.730"></status>
</kw>
<status status="PASS" starttime="20201122 20:10:08.146" endtime="20201122 20:10:09.730"></status>
</kw>
<status status="PASS" starttime="20201122 20:10:08.145" endtime="20201122 20:10:09.730" critical="yes"></status>
</test>
<test id="s1-s1-t5" name="Wrong User wrong Password">
<kw name="Invalid Login">
<arguments>
<arg>admin1@yourstore.com</arg>
<arg>xyz</arg>
</arguments>
<kw name="Input UserName" library="login_Resources">
<arguments>
<arg>${username}</arg>
</arguments>
<kw name="Input Text" library="SeleniumLibrary">
<doc>Types the given ``text`` into the text field identified by ``locator``.</doc>
<arguments>
<arg>id:Email</arg>
<arg>${username}</arg>
</arguments>
<msg timestamp="20201122 20:10:09.737" level="INFO">Typing text 'admin1@yourstore.com' into text field 'id:Email'.</msg>
<status status="PASS" starttime="20201122 20:10:09.737" endtime="20201122 20:10:10.247"></status>
</kw>
<status status="PASS" starttime="20201122 20:10:09.736" endtime="20201122 20:10:10.247"></status>
</kw>
<kw name="Input Password" library="login_Resources">
<arguments>
<arg>${password}</arg>
</arguments>
<kw name="Input Text" library="SeleniumLibrary">
<doc>Types the given ``text`` into the text field identified by ``locator``.</doc>
<arguments>
<arg>id:Password</arg>
<arg>${password}</arg>
</arguments>
<msg timestamp="20201122 20:10:10.250" level="INFO">Typing text 'xyz' into text field 'id:Password'.</msg>
<status status="PASS" starttime="20201122 20:10:10.249" endtime="20201122 20:10:10.571"></status>
</kw>
<status status="PASS" starttime="20201122 20:10:10.247" endtime="20201122 20:10:10.571"></status>
</kw>
<kw name="Click on Login Button" library="login_Resources">
<kw name="Click Element" library="SeleniumLibrary">
<doc>Click the element identified by ``locator``.</doc>
<arguments>
<arg>xpath://input[@value='Log in']</arg>
</arguments>
<msg timestamp="20201122 20:10:10.573" level="INFO">Clicking element 'xpath://input[@value='Log in']'.</msg>
<status status="PASS" starttime="20201122 20:10:10.573" endtime="20201122 20:10:11.365"></status>
</kw>
<status status="PASS" starttime="20201122 20:10:10.572" endtime="20201122 20:10:11.365"></status>
</kw>
<kw name="Error Message should be visible" library="login_Resources">
<kw name="Page Should Contain" library="SeleniumLibrary">
<doc>Verifies that current page contains ``text``.</doc>
<arguments>
<arg>Login was unsuccessful</arg>
</arguments>
<msg timestamp="20201122 20:10:11.402" level="INFO">Current page contains text 'Login was unsuccessful'.</msg>
<status status="PASS" starttime="20201122 20:10:11.367" endtime="20201122 20:10:11.403"></status>
</kw>
<status status="PASS" starttime="20201122 20:10:11.366" endtime="20201122 20:10:11.403"></status>
</kw>
<status status="PASS" starttime="20201122 20:10:09.735" endtime="20201122 20:10:11.404"></status>
</kw>
<status status="PASS" starttime="20201122 20:10:09.733" endtime="20201122 20:10:11.404" critical="yes"></status>
</test>
<kw name="close Browsers" library="login_Resources" type="teardown">
<kw name="Close All Browsers" library="SeleniumLibrary">
<doc>Closes all open browsers and resets the browser cache.</doc>
<status status="PASS" starttime="20201122 20:10:11.408" endtime="20201122 20:10:18.091"></status>
</kw>
<status status="PASS" starttime="20201122 20:10:11.407" endtime="20201122 20:10:18.091"></status>
</kw>
<status status="PASS" starttime="20201122 20:09:44.992" endtime="20201122 20:10:18.091"></status>
</suite>
<status status="PASS" starttime="20201122 20:09:44.910" endtime="20201122 20:10:18.102"></status>
</suite>
<statistics>
<total>
<stat pass="5" fail="0">Critical Tests</stat>
<stat pass="5" fail="0">All Tests</stat>
</total>
<tag>
</tag>
<suite>
<stat pass="5" fail="0" id="s1" name="TestCases">TestCases</stat>
<stat pass="5" fail="0" id="s1-s1" name="DDT1">TestCases.DDT1</stat>
</suite>
</statistics>
<errors>
</errors>
</robot>
