<?xml version="1.0" encoding="UTF-8"?>
<robot generator="Robot 3.2.2 (Python 3.8.5 on win32)" generated="20201122 20:15:37.311" rpa="false">
<suite id="s1" name="TestCases" source="C:\Users\Punith.Keshav\PycharmProjects\RobotFrameworkProject\TestCases">
<suite id="s1-s1" name="speedTest" source="C:\Users\Punith.Keshav\PycharmProjects\RobotFrameworkProject\TestCases\speedTest.robot">
<test id="s1-s1-t1" name="Reg Test">
<kw name="Get Selenium Speed" library="SeleniumLibrary">
<doc>Gets the delay that is waited after each Selenium command.</doc>
<assign>
<var>${speed}</var>
</assign>
<msg timestamp="20201122 20:15:38.551" level="INFO">${speed} = 0 seconds</msg>
<status status="PASS" starttime="20201122 20:15:38.550" endtime="20201122 20:15:38.552"></status>
</kw>
<kw name="Log To Console" library="BuiltIn">
<doc>Logs the given message to the console.</doc>
<arguments>
<arg>${speed}</arg>
</arguments>
<status status="PASS" starttime="20201122 20:15:38.552" endtime="20201122 20:15:38.553"></status>
</kw>
<kw name="Open Browser" library="SeleniumLibrary">
<doc>Opens a new browser instance to the optional ``url``.</doc>
<arguments>
<arg>${url}</arg>
<arg>${browser}</arg>
</arguments>
<msg timestamp="20201122 20:15:38.554" level="INFO">Opening browser 'chrome' to base url 'http://demowebshop.tricentis.com/register'.</msg>
<status status="PASS" starttime="20201122 20:15:38.553" endtime="20201122 20:15:46.988"></status>
</kw>
<kw name="Maximize Browser Window" library="SeleniumLibrary">
<doc>Maximizes current browser window.</doc>
<status status="PASS" starttime="20201122 20:15:46.989" endtime="20201122 20:15:49.659"></status>
</kw>
<kw name="Set Selenium Speed" library="SeleniumLibrary">
<doc>Sets the delay that is waited after each Selenium command.</doc>
<arguments>
<arg>2 seconds</arg>
</arguments>
<status status="PASS" starttime="20201122 20:15:49.659" endtime="20201122 20:15:49.660"></status>
</kw>
<kw name="Select Radio Button" library="SeleniumLibrary">
<doc>Sets the radio button group ``group_name`` to ``value``.</doc>
<arguments>
<arg>Gender</arg>
<arg>M</arg>
</arguments>
<msg timestamp="20201122 20:15:49.661" level="INFO">Selecting 'M' from radio button 'Gender'.</msg>
<status status="PASS" starttime="20201122 20:15:49.660" endtime="20201122 20:15:55.922"></status>
</kw>
<kw name="Input Text" library="SeleniumLibrary">
<doc>Types the given ``text`` into the text field identified by ``locator``.</doc>
<arguments>
<arg>name:FirstName</arg>
<arg>Punith</arg>
</arguments>
<msg timestamp="20201122 20:15:55.923" level="INFO">Typing text 'Punith' into text field 'name:FirstName'.</msg>
<status status="PASS" starttime="20201122 20:15:55.922" endtime="20201122 20:16:02.165"></status>
</kw>
<kw name="Input Text" library="SeleniumLibrary">
<doc>Types the given ``text`` into the text field identified by ``locator``.</doc>
<arguments>
<arg>name:LastName</arg>
<arg>K</arg>
</arguments>
<msg timestamp="20201122 20:16:02.166" level="INFO">Typing text 'K' into text field 'name:LastName'.</msg>
<status status="PASS" starttime="20201122 20:16:02.165" endtime="20201122 20:16:08.326"></status>
</kw>
<kw name="Input Text" library="SeleniumLibrary">
<doc>Types the given ``text`` into the text field identified by ``locator``.</doc>
<arguments>
<arg>name:Email</arg>
<arg>PK@gmail.com</arg>
</arguments>
<msg timestamp="20201122 20:16:08.327" level="INFO">Typing text 'PK@gmail.com' into text field 'name:Email'.</msg>
<status status="PASS" starttime="20201122 20:16:08.326" endtime="20201122 20:16:14.592"></status>
</kw>
<kw name="Input Text" library="SeleniumLibrary">
<doc>Types the given ``text`` into the text field identified by ``locator``.</doc>
<arguments>
<arg>name:Password</arg>
<arg>Password</arg>
</arguments>
<msg timestamp="20201122 20:16:14.593" level="INFO">Typing text 'Password' into text field 'name:Password'.</msg>
<status status="PASS" starttime="20201122 20:16:14.592" endtime="20201122 20:16:20.804"></status>
</kw>
<kw name="Input Text" library="SeleniumLibrary">
<doc>Types the given ``text`` into the text field identified by ``locator``.</doc>
<arguments>
<arg>name:ConfirmPassword</arg>
<arg>Password</arg>
</arguments>
<msg timestamp="20201122 20:16:20.804" level="INFO">Typing text 'Password' into text field 'name:ConfirmPassword'.</msg>
<status status="PASS" starttime="20201122 20:16:20.804" endtime="20201122 20:16:26.976"></status>
</kw>
<kw name="Get Selenium Speed" library="SeleniumLibrary">
<doc>Gets the delay that is waited after each Selenium command.</doc>
<assign>
<var>${speed}</var>
</assign>
<msg timestamp="20201122 20:16:26.977" level="INFO">${speed} = 2 seconds</msg>
<status status="PASS" starttime="20201122 20:16:26.976" endtime="20201122 20:16:26.977"></status>
</kw>
<kw name="Log To Console" library="BuiltIn">
<doc>Logs the given message to the console.</doc>
<arguments>
<arg>${speed}</arg>
</arguments>
<status status="PASS" starttime="20201122 20:16:26.977" endtime="20201122 20:16:26.979"></status>
</kw>
<status status="PASS" starttime="20201122 20:15:38.548" endtime="20201122 20:16:26.979" critical="yes"></status>
</test>
<status status="PASS" starttime="20201122 20:15:37.434" endtime="20201122 20:16:26.981"></status>
</suite>
<status status="PASS" starttime="20201122 20:15:37.336" endtime="20201122 20:16:26.983"></status>
</suite>
<statistics>
<total>
<stat pass="1" fail="0">Critical Tests</stat>
<stat pass="1" fail="0">All Tests</stat>
</total>
<tag>
</tag>
<suite>
<stat pass="1" fail="0" id="s1" name="TestCases">TestCases</stat>
<stat pass="1" fail="0" id="s1-s1" name="speedTest">TestCases.speedTest</stat>
</suite>
</statistics>
<errors>
</errors>
</robot>
