<?xml version="1.0" encoding="UTF-8"?>
<robot generator="Robot 3.2.2 (Python 3.8.5 on win32)" generated="20201122 20:14:28.807" rpa="false">
<suite id="s1" name="TestCases" source="C:\Users\Punith.Keshav\PycharmProjects\RobotFrameworkProject\TestCases">
<suite id="s1-s1" name="Tabbedwindows" source="C:\Users\Punith.Keshav\PycharmProjects\RobotFrameworkProject\TestCases\tabbedwindows.robot">
<test id="s1-s1-t1" name="Tabbed Windows">
<kw name="Open Browser" library="SeleniumLibrary">
<doc>Opens a new browser instance to the optional ``url``.</doc>
<arguments>
<arg>${url}</arg>
<arg>${browser}</arg>
</arguments>
<msg timestamp="20201122 20:14:29.659" level="INFO">Opening browser 'chrome' to base url 'http://demo.automationtesting.in/Windows.html'.</msg>
<status status="PASS" starttime="20201122 20:14:29.658" endtime="20201122 20:14:43.037"></status>
</kw>
<kw name="Maximize Browser Window" library="SeleniumLibrary">
<doc>Maximizes current browser window.</doc>
<status status="PASS" starttime="20201122 20:14:43.037" endtime="20201122 20:15:32.951"></status>
</kw>
<kw name="Click Element" library="SeleniumLibrary">
<doc>Click the element identified by ``locator``.</doc>
<arguments>
<arg>xpath://a[@href='http://www.selenium.dev']//button[@class='btn btn-info'][normalize-space()='click']</arg>
</arguments>
<msg timestamp="20201122 20:15:32.952" level="INFO">Clicking element 'xpath://a[@href='http://www.selenium.dev']//button[@class='btn btn-info'][normalize-space()='click']'.</msg>
<status status="PASS" starttime="20201122 20:15:32.952" endtime="20201122 20:15:33.608"></status>
</kw>
<kw name="Select Window" library="SeleniumLibrary">
<doc>DEPRECATED in SeleniumLibrary 4.0. , use `Switch Window` instead.</doc>
<arguments>
<arg>title=SeleniumHQ Browser Automation</arg>
</arguments>
<status status="PASS" starttime="20201122 20:15:33.608" endtime="20201122 20:15:36.815"></status>
</kw>
<kw name="Click Element" library="SeleniumLibrary">
<doc>Click the element identified by ``locator``.</doc>
<arguments>
<arg>xpath://a[contains(text(),'Support')]</arg>
</arguments>
<msg timestamp="20201122 20:15:36.817" level="INFO">Clicking element 'xpath://a[contains(text(),'Support')]'.</msg>
<status status="PASS" starttime="20201122 20:15:36.816" endtime="20201122 20:15:38.810"></status>
</kw>
<kw name="Sleep" library="BuiltIn">
<doc>Pauses the test executed for the given time.</doc>
<arguments>
<arg>3</arg>
</arguments>
<msg timestamp="20201122 20:15:41.894" level="INFO">Slept 3 seconds</msg>
<status status="PASS" starttime="20201122 20:15:38.810" endtime="20201122 20:15:41.895"></status>
</kw>
<kw name="Close All Browsers" library="SeleniumLibrary">
<doc>Closes all open browsers and resets the browser cache.</doc>
<status status="PASS" starttime="20201122 20:15:41.896" endtime="20201122 20:15:56.600"></status>
</kw>
<status status="PASS" starttime="20201122 20:14:29.656" endtime="20201122 20:15:56.600" critical="yes"></status>
</test>
<status status="PASS" starttime="20201122 20:14:28.881" endtime="20201122 20:15:56.603"></status>
</suite>
<status status="PASS" starttime="20201122 20:14:28.820" endtime="20201122 20:15:56.607"></status>
</suite>
<statistics>
<total>
<stat pass="1" fail="0">Critical Tests</stat>
<stat pass="1" fail="0">All Tests</stat>
</total>
<tag>
</tag>
<suite>
<stat pass="1" fail="0" id="s1" name="TestCases">TestCases</stat>
<stat pass="1" fail="0" id="s1-s1" name="Tabbedwindows">TestCases.Tabbedwindows</stat>
</suite>
</statistics>
<errors>
</errors>
</robot>
