<?xml version="1.0" encoding="UTF-8"?>
<robot generator="Robot 3.2.2 (Python 3.8.5 on win32)" generated="20201122 20:09:43.487" rpa="false">
<suite id="s1" name="TestCases" source="C:\Users\Punith.Keshav\PycharmProjects\RobotFrameworkProject\TestCases">
<suite id="s1-s1" name="DDT2 Excel" source="C:\Users\Punith.Keshav\PycharmProjects\RobotFrameworkProject\TestCases\DDT2_Excel.robot">
<kw name="Open My Browser" library="login_Resources" type="setup">
<kw name="Open Browser" library="SeleniumLibrary">
<doc>Opens a new browser instance to the optional ``url``.</doc>
<arguments>
<arg>${Login url}</arg>
<arg>${browser}</arg>
</arguments>
<msg timestamp="20201122 20:09:44.778" level="INFO">Opening browser 'chrome' to base url 'https://admin-demo.nopcommerce.com/'.</msg>
<status status="PASS" starttime="20201122 20:09:44.777" endtime="20201122 20:10:07.627"></status>
</kw>
<kw name="Maximize Browser Window" library="SeleniumLibrary">
<doc>Maximizes current browser window.</doc>
<status status="PASS" starttime="20201122 20:10:07.627" endtime="20201122 20:10:11.612"></status>
</kw>
<status status="PASS" starttime="20201122 20:09:44.777" endtime="20201122 20:10:11.612"></status>
</kw>
<test id="s1-s1-t1" name="LoginTestwithExcel">
<status status="FAIL" starttime="20201122 20:10:11.613" endtime="20201122 20:10:11.618" critical="yes">Test case contains no keywords.</status>
</test>
<kw name="close Browsers" library="login_Resources" type="teardown">
<kw name="Close All Browsers" library="SeleniumLibrary">
<doc>Closes all open browsers and resets the browser cache.</doc>
<status status="PASS" starttime="20201122 20:10:11.623" endtime="20201122 20:10:19.337"></status>
</kw>
<status status="PASS" starttime="20201122 20:10:11.622" endtime="20201122 20:10:19.338"></status>
</kw>
<status status="FAIL" starttime="20201122 20:09:43.599" endtime="20201122 20:10:19.338"></status>
</suite>
<status status="FAIL" starttime="20201122 20:09:43.511" endtime="20201122 20:10:19.341"></status>
</suite>
<statistics>
<total>
<stat pass="0" fail="1">Critical Tests</stat>
<stat pass="0" fail="1">All Tests</stat>
</total>
<tag>
</tag>
<suite>
<stat pass="0" fail="1" id="s1" name="TestCases">TestCases</stat>
<stat pass="0" fail="1" id="s1-s1" name="DDT2 Excel">TestCases.DDT2 Excel</stat>
</suite>
</statistics>
<errors>
<msg timestamp="20201122 20:09:44.776" level="ERROR">Calling method '_start_suite' of listener 'DataDriver' failed: IndexError: list index out of range</msg>
</errors>
</robot>
