<?xml version="1.0" encoding="UTF-8"?>
<robot generator="Robot 3.2.2 (Python 3.8.5 on win32)" generated="20201122 20:10:21.891" rpa="false">
<suite id="s1" name="TestCases" source="C:\Users\Punith.Keshav\PycharmProjects\RobotFrameworkProject\TestCases">
<suite id="s1-s1" name="Forloop" source="C:\Users\Punith.Keshav\PycharmProjects\RobotFrameworkProject\TestCases\forloop.robot">
<test id="s1-s1-t1" name="ForLoop1">
<kw name="${i} IN RANGE [ 1 | 2 ]" type="for">
<kw name="${i} = 1" type="foritem">
<kw name="Log To Console" library="BuiltIn">
<doc>Logs the given message to the console.</doc>
<arguments>
<arg>${i}</arg>
</arguments>
<status status="PASS" starttime="20201122 20:10:23.120" endtime="20201122 20:10:23.121"></status>
</kw>
<status status="PASS" starttime="20201122 20:10:23.120" endtime="20201122 20:10:23.121"></status>
</kw>
<status status="PASS" starttime="20201122 20:10:23.120" endtime="20201122 20:10:23.121"></status>
</kw>
<status status="PASS" starttime="20201122 20:10:23.117" endtime="20201122 20:10:23.122" critical="yes"></status>
</test>
<test id="s1-s1-t2" name="ForLoop2">
<kw name="${i} IN [ 1 2 ]" type="for">
<kw name="${i} = 1 2" type="foritem">
<kw name="Log To Console" library="BuiltIn">
<doc>Logs the given message to the console.</doc>
<arguments>
<arg>${i}</arg>
</arguments>
<status status="PASS" starttime="20201122 20:10:23.127" endtime="20201122 20:10:23.129"></status>
</kw>
<status status="PASS" starttime="20201122 20:10:23.127" endtime="20201122 20:10:23.129"></status>
</kw>
<status status="PASS" starttime="20201122 20:10:23.126" endtime="20201122 20:10:23.129"></status>
</kw>
<status status="PASS" starttime="20201122 20:10:23.123" endtime="20201122 20:10:23.129" critical="yes"></status>
</test>
<test id="s1-s1-t3" name="ForLoop3">
<kw name="${i} IN [ 1 | 2 ]" type="for">
<kw name="${i} = 1" type="foritem">
<kw name="Log To Console" library="BuiltIn">
<doc>Logs the given message to the console.</doc>
<arguments>
<arg>${i}</arg>
</arguments>
<status status="PASS" starttime="20201122 20:10:23.132" endtime="20201122 20:10:23.133"></status>
</kw>
<status status="PASS" starttime="20201122 20:10:23.132" endtime="20201122 20:10:23.133"></status>
</kw>
<kw name="${i} = 2" type="foritem">
<kw name="Log To Console" library="BuiltIn">
<doc>Logs the given message to the console.</doc>
<arguments>
<arg>${i}</arg>
</arguments>
<status status="PASS" starttime="20201122 20:10:23.134" endtime="20201122 20:10:23.135"></status>
</kw>
<status status="PASS" starttime="20201122 20:10:23.133" endtime="20201122 20:10:23.135"></status>
</kw>
<status status="PASS" starttime="20201122 20:10:23.132" endtime="20201122 20:10:23.136"></status>
</kw>
<status status="PASS" starttime="20201122 20:10:23.130" endtime="20201122 20:10:23.136" critical="yes"></status>
</test>
<status status="PASS" starttime="20201122 20:10:22.072" endtime="20201122 20:10:23.138"></status>
</suite>
<status status="PASS" starttime="20201122 20:10:21.915" endtime="20201122 20:10:23.141"></status>
</suite>
<statistics>
<total>
<stat pass="3" fail="0">Critical Tests</stat>
<stat pass="3" fail="0">All Tests</stat>
</total>
<tag>
</tag>
<suite>
<stat pass="3" fail="0" id="s1" name="TestCases">TestCases</stat>
<stat pass="3" fail="0" id="s1-s1" name="Forloop">TestCases.Forloop</stat>
</suite>
</statistics>
<errors>
</errors>
</robot>
