<?xml version="1.0" encoding="UTF-8"?>
<robot generator="Robot 3.2.2 (Python 3.8.5 on win32)" generated="20201122 20:14:27.322" rpa="false">
<suite id="s1" name="TestCases" source="C:\Users\Punith.Keshav\PycharmProjects\RobotFrameworkProject\TestCases">
<suite id="s1-s1" name="TC2" source="C:\Users\Punith.Keshav\PycharmProjects\RobotFrameworkProject\TestCases\TC2.robot">
<test id="s1-s1-t1" name="TC1: Valid User Name and Valid Password">
<kw name="Login">
<arguments>
<arg>Admin</arg>
<arg>123</arg>
</arguments>
<kw name="Open Browser" library="SeleniumLibrary">
<doc>Opens a new browser instance to the optional ``url``.</doc>
<arguments>
<arg>${url}</arg>
<arg>${Browser}</arg>
</arguments>
<msg timestamp="20201122 20:14:28.120" level="INFO">Opening browser 'headlesschrome' to base url 'https://project-anglo.isometrix.net/login.aspx?ReturnUrl=%2f'.</msg>
<status status="PASS" starttime="20201122 20:14:28.119" endtime="20201122 20:14:38.709"></status>
</kw>
<kw name="Maximize Browser Window" library="SeleniumLibrary">
<doc>Maximizes current browser window.</doc>
<status status="PASS" starttime="20201122 20:14:38.709" endtime="20201122 20:14:41.268"></status>
</kw>
<kw name="Set Variable" library="BuiltIn">
<doc>Returns the given values which can then be assigned to a variables.</doc>
<arguments>
<arg>id:txtUsername</arg>
</arguments>
<assign>
<var>${"UserName"}</var>
</assign>
<msg timestamp="20201122 20:14:41.269" level="INFO">${"UserName"} = id:txtUsername</msg>
<status status="PASS" starttime="20201122 20:14:41.268" endtime="20201122 20:14:41.269"></status>
</kw>
<kw name="Element Should Be Visible" library="SeleniumLibrary">
<doc>Verifies that the element identified by ``locator`` is visible.</doc>
<arguments>
<arg>${"UserName"}</arg>
</arguments>
<msg timestamp="20201122 20:14:41.372" level="INFO">Element 'id:txtUsername' is displayed.</msg>
<status status="PASS" starttime="20201122 20:14:41.270" endtime="20201122 20:14:41.372"></status>
</kw>
<kw name="Element Should Be Enabled" library="SeleniumLibrary">
<doc>Verifies that element identified by ``locator`` is enabled.</doc>
<arguments>
<arg>${"UserName"}</arg>
</arguments>
<status status="PASS" starttime="20201122 20:14:41.373" endtime="20201122 20:14:41.439"></status>
</kw>
<kw name="Input Text" library="SeleniumLibrary">
<doc>Types the given ``text`` into the text field identified by ``locator``.</doc>
<arguments>
<arg>${"UserName"}</arg>
<arg>${UName}</arg>
</arguments>
<msg timestamp="20201122 20:14:41.441" level="INFO">Typing text 'Admin' into text field 'id:txtUsername'.</msg>
<status status="PASS" starttime="20201122 20:14:41.440" endtime="20201122 20:14:41.741"></status>
</kw>
<kw name="Set Variable" library="BuiltIn">
<doc>Returns the given values which can then be assigned to a variables.</doc>
<arguments>
<arg>id:txtPassword</arg>
</arguments>
<assign>
<var>${"Password"}</var>
</assign>
<msg timestamp="20201122 20:14:41.742" level="INFO">${"Password"} = id:txtPassword</msg>
<status status="PASS" starttime="20201122 20:14:41.741" endtime="20201122 20:14:41.742"></status>
</kw>
<kw name="Element Should Be Visible" library="SeleniumLibrary">
<doc>Verifies that the element identified by ``locator`` is visible.</doc>
<arguments>
<arg>${"Password"}</arg>
</arguments>
<msg timestamp="20201122 20:14:41.854" level="INFO">Element 'id:txtPassword' is displayed.</msg>
<status status="PASS" starttime="20201122 20:14:41.742" endtime="20201122 20:14:41.854"></status>
</kw>
<kw name="Element Should Be Enabled" library="SeleniumLibrary">
<doc>Verifies that element identified by ``locator`` is enabled.</doc>
<arguments>
<arg>${"Password"}</arg>
</arguments>
<status status="PASS" starttime="20201122 20:14:41.854" endtime="20201122 20:14:41.921"></status>
</kw>
<kw name="Input Text" library="SeleniumLibrary">
<doc>Types the given ``text`` into the text field identified by ``locator``.</doc>
<arguments>
<arg>${"Password"}</arg>
<arg>${Pword}</arg>
</arguments>
<msg timestamp="20201122 20:14:41.922" level="INFO">Typing text '123' into text field 'id:txtPassword'.</msg>
<status status="PASS" starttime="20201122 20:14:41.921" endtime="20201122 20:14:42.326"></status>
</kw>
<kw name="Set Variable" library="BuiltIn">
<doc>Returns the given values which can then be assigned to a variables.</doc>
<arguments>
<arg>id:btnLoginSubmit</arg>
</arguments>
<assign>
<var>${"SignIn"}</var>
</assign>
<msg timestamp="20201122 20:14:42.328" level="INFO">${"SignIn"} = id:btnLoginSubmit</msg>
<status status="PASS" starttime="20201122 20:14:42.327" endtime="20201122 20:14:42.328"></status>
</kw>
<kw name="Click Element" library="SeleniumLibrary">
<doc>Click the element identified by ``locator``.</doc>
<arguments>
<arg>${"SignIn"}</arg>
</arguments>
<msg timestamp="20201122 20:14:42.330" level="INFO">Clicking element 'id:btnLoginSubmit'.</msg>
<status status="PASS" starttime="20201122 20:14:42.329" endtime="20201122 20:14:42.662"></status>
</kw>
<kw name="Title Should Be" library="SeleniumLibrary">
<doc>Verifies that the current page title equals ``title``.</doc>
<arguments>
<arg>IsoMetrix</arg>
</arguments>
<msg timestamp="20201122 20:14:42.676" level="INFO">Page title is 'IsoMetrix'.</msg>
<status status="PASS" starttime="20201122 20:14:42.663" endtime="20201122 20:14:42.677"></status>
</kw>
<kw name="Capture Page Screenshot" library="SeleniumLibrary">
<doc>Takes a screenshot of the current page and embeds it into a log file.</doc>
<msg timestamp="20201122 20:14:42.976" level="INFO" html="yes">&lt;/td&gt;&lt;/tr&gt;&lt;tr&gt;&lt;td colspan="3"&gt;&lt;a href="selenium-screenshot-1.png"&gt;&lt;img src="selenium-screenshot-1.png" width="800px"&gt;&lt;/a&gt;</msg>
<status status="PASS" starttime="20201122 20:14:42.677" endtime="20201122 20:14:42.976"></status>
</kw>
<kw name="Close Browser" library="SeleniumLibrary">
<doc>Closes the current browser.</doc>
<status status="PASS" starttime="20201122 20:14:42.976" endtime="20201122 20:14:45.399"></status>
</kw>
<status status="PASS" starttime="20201122 20:14:28.118" endtime="20201122 20:14:45.400"></status>
</kw>
<status status="PASS" starttime="20201122 20:14:28.115" endtime="20201122 20:14:45.400" critical="yes"></status>
</test>
<test id="s1-s1-t2" name="TC2: Valid User Name and Invalid Password">
<kw name="Login">
<arguments>
<arg>Admin</arg>
<arg>1</arg>
</arguments>
<kw name="Open Browser" library="SeleniumLibrary">
<doc>Opens a new browser instance to the optional ``url``.</doc>
<arguments>
<arg>${url}</arg>
<arg>${Browser}</arg>
</arguments>
<msg timestamp="20201122 20:14:45.405" level="INFO">Opening browser 'headlesschrome' to base url 'https://project-anglo.isometrix.net/login.aspx?ReturnUrl=%2f'.</msg>
<status status="PASS" starttime="20201122 20:14:45.404" endtime="20201122 20:14:53.732"></status>
</kw>
<kw name="Maximize Browser Window" library="SeleniumLibrary">
<doc>Maximizes current browser window.</doc>
<status status="PASS" starttime="20201122 20:14:53.732" endtime="20201122 20:14:56.125"></status>
</kw>
<kw name="Set Variable" library="BuiltIn">
<doc>Returns the given values which can then be assigned to a variables.</doc>
<arguments>
<arg>id:txtUsername</arg>
</arguments>
<assign>
<var>${"UserName"}</var>
</assign>
<msg timestamp="20201122 20:14:56.126" level="INFO">${"UserName"} = id:txtUsername</msg>
<status status="PASS" starttime="20201122 20:14:56.126" endtime="20201122 20:14:56.127"></status>
</kw>
<kw name="Element Should Be Visible" library="SeleniumLibrary">
<doc>Verifies that the element identified by ``locator`` is visible.</doc>
<arguments>
<arg>${"UserName"}</arg>
</arguments>
<msg timestamp="20201122 20:14:56.204" level="INFO">Element 'id:txtUsername' is displayed.</msg>
<status status="PASS" starttime="20201122 20:14:56.127" endtime="20201122 20:14:56.205"></status>
</kw>
<kw name="Element Should Be Enabled" library="SeleniumLibrary">
<doc>Verifies that element identified by ``locator`` is enabled.</doc>
<arguments>
<arg>${"UserName"}</arg>
</arguments>
<status status="PASS" starttime="20201122 20:14:56.205" endtime="20201122 20:14:56.287"></status>
</kw>
<kw name="Input Text" library="SeleniumLibrary">
<doc>Types the given ``text`` into the text field identified by ``locator``.</doc>
<arguments>
<arg>${"UserName"}</arg>
<arg>${UName}</arg>
</arguments>
<msg timestamp="20201122 20:14:56.288" level="INFO">Typing text 'Admin' into text field 'id:txtUsername'.</msg>
<status status="PASS" starttime="20201122 20:14:56.288" endtime="20201122 20:14:56.535"></status>
</kw>
<kw name="Set Variable" library="BuiltIn">
<doc>Returns the given values which can then be assigned to a variables.</doc>
<arguments>
<arg>id:txtPassword</arg>
</arguments>
<assign>
<var>${"Password"}</var>
</assign>
<msg timestamp="20201122 20:14:56.536" level="INFO">${"Password"} = id:txtPassword</msg>
<status status="PASS" starttime="20201122 20:14:56.536" endtime="20201122 20:14:56.536"></status>
</kw>
<kw name="Element Should Be Visible" library="SeleniumLibrary">
<doc>Verifies that the element identified by ``locator`` is visible.</doc>
<arguments>
<arg>${"Password"}</arg>
</arguments>
<msg timestamp="20201122 20:14:56.621" level="INFO">Element 'id:txtPassword' is displayed.</msg>
<status status="PASS" starttime="20201122 20:14:56.537" endtime="20201122 20:14:56.621"></status>
</kw>
<kw name="Element Should Be Enabled" library="SeleniumLibrary">
<doc>Verifies that element identified by ``locator`` is enabled.</doc>
<arguments>
<arg>${"Password"}</arg>
</arguments>
<status status="PASS" starttime="20201122 20:14:56.621" endtime="20201122 20:14:56.687"></status>
</kw>
<kw name="Input Text" library="SeleniumLibrary">
<doc>Types the given ``text`` into the text field identified by ``locator``.</doc>
<arguments>
<arg>${"Password"}</arg>
<arg>${Pword}</arg>
</arguments>
<msg timestamp="20201122 20:14:56.688" level="INFO">Typing text '1' into text field 'id:txtPassword'.</msg>
<status status="PASS" starttime="20201122 20:14:56.687" endtime="20201122 20:14:56.934"></status>
</kw>
<kw name="Set Variable" library="BuiltIn">
<doc>Returns the given values which can then be assigned to a variables.</doc>
<arguments>
<arg>id:btnLoginSubmit</arg>
</arguments>
<assign>
<var>${"SignIn"}</var>
</assign>
<msg timestamp="20201122 20:14:56.935" level="INFO">${"SignIn"} = id:btnLoginSubmit</msg>
<status status="PASS" starttime="20201122 20:14:56.934" endtime="20201122 20:14:56.935"></status>
</kw>
<kw name="Click Element" library="SeleniumLibrary">
<doc>Click the element identified by ``locator``.</doc>
<arguments>
<arg>${"SignIn"}</arg>
</arguments>
<msg timestamp="20201122 20:14:56.936" level="INFO">Clicking element 'id:btnLoginSubmit'.</msg>
<status status="PASS" starttime="20201122 20:14:56.935" endtime="20201122 20:14:57.072"></status>
</kw>
<kw name="Title Should Be" library="SeleniumLibrary">
<doc>Verifies that the current page title equals ``title``.</doc>
<arguments>
<arg>IsoMetrix</arg>
</arguments>
<msg timestamp="20201122 20:14:57.084" level="INFO">Page title is 'IsoMetrix'.</msg>
<status status="PASS" starttime="20201122 20:14:57.072" endtime="20201122 20:14:57.084"></status>
</kw>
<kw name="Capture Page Screenshot" library="SeleniumLibrary">
<doc>Takes a screenshot of the current page and embeds it into a log file.</doc>
<msg timestamp="20201122 20:14:57.651" level="INFO" html="yes">&lt;/td&gt;&lt;/tr&gt;&lt;tr&gt;&lt;td colspan="3"&gt;&lt;a href="selenium-screenshot-2.png"&gt;&lt;img src="selenium-screenshot-2.png" width="800px"&gt;&lt;/a&gt;</msg>
<status status="PASS" starttime="20201122 20:14:57.084" endtime="20201122 20:14:57.651"></status>
</kw>
<kw name="Close Browser" library="SeleniumLibrary">
<doc>Closes the current browser.</doc>
<status status="PASS" starttime="20201122 20:14:57.651" endtime="20201122 20:15:04.719"></status>
</kw>
<status status="PASS" starttime="20201122 20:14:45.403" endtime="20201122 20:15:04.720"></status>
</kw>
<status status="PASS" starttime="20201122 20:14:45.401" endtime="20201122 20:15:04.720" critical="yes"></status>
</test>
<test id="s1-s1-t3" name="TC3: Invalid User Name and valid Password">
<kw name="Login">
<arguments>
<arg>Invalid</arg>
<arg>123</arg>
</arguments>
<kw name="Open Browser" library="SeleniumLibrary">
<doc>Opens a new browser instance to the optional ``url``.</doc>
<arguments>
<arg>${url}</arg>
<arg>${Browser}</arg>
</arguments>
<msg timestamp="20201122 20:15:04.724" level="INFO">Opening browser 'headlesschrome' to base url 'https://project-anglo.isometrix.net/login.aspx?ReturnUrl=%2f'.</msg>
<status status="PASS" starttime="20201122 20:15:04.723" endtime="20201122 20:15:17.911"></status>
</kw>
<kw name="Maximize Browser Window" library="SeleniumLibrary">
<doc>Maximizes current browser window.</doc>
<status status="PASS" starttime="20201122 20:15:17.911" endtime="20201122 20:15:20.415"></status>
</kw>
<kw name="Set Variable" library="BuiltIn">
<doc>Returns the given values which can then be assigned to a variables.</doc>
<arguments>
<arg>id:txtUsername</arg>
</arguments>
<assign>
<var>${"UserName"}</var>
</assign>
<msg timestamp="20201122 20:15:20.416" level="INFO">${"UserName"} = id:txtUsername</msg>
<status status="PASS" starttime="20201122 20:15:20.415" endtime="20201122 20:15:20.416"></status>
</kw>
<kw name="Element Should Be Visible" library="SeleniumLibrary">
<doc>Verifies that the element identified by ``locator`` is visible.</doc>
<arguments>
<arg>${"UserName"}</arg>
</arguments>
<msg timestamp="20201122 20:15:20.529" level="INFO">Element 'id:txtUsername' is displayed.</msg>
<status status="PASS" starttime="20201122 20:15:20.416" endtime="20201122 20:15:20.529"></status>
</kw>
<kw name="Element Should Be Enabled" library="SeleniumLibrary">
<doc>Verifies that element identified by ``locator`` is enabled.</doc>
<arguments>
<arg>${"UserName"}</arg>
</arguments>
<status status="PASS" starttime="20201122 20:15:20.530" endtime="20201122 20:15:20.623"></status>
</kw>
<kw name="Input Text" library="SeleniumLibrary">
<doc>Types the given ``text`` into the text field identified by ``locator``.</doc>
<arguments>
<arg>${"UserName"}</arg>
<arg>${UName}</arg>
</arguments>
<msg timestamp="20201122 20:15:20.624" level="INFO">Typing text 'Invalid' into text field 'id:txtUsername'.</msg>
<status status="PASS" starttime="20201122 20:15:20.624" endtime="20201122 20:15:20.928"></status>
</kw>
<kw name="Set Variable" library="BuiltIn">
<doc>Returns the given values which can then be assigned to a variables.</doc>
<arguments>
<arg>id:txtPassword</arg>
</arguments>
<assign>
<var>${"Password"}</var>
</assign>
<msg timestamp="20201122 20:15:20.929" level="INFO">${"Password"} = id:txtPassword</msg>
<status status="PASS" starttime="20201122 20:15:20.928" endtime="20201122 20:15:20.929"></status>
</kw>
<kw name="Element Should Be Visible" library="SeleniumLibrary">
<doc>Verifies that the element identified by ``locator`` is visible.</doc>
<arguments>
<arg>${"Password"}</arg>
</arguments>
<msg timestamp="20201122 20:15:21.026" level="INFO">Element 'id:txtPassword' is displayed.</msg>
<status status="PASS" starttime="20201122 20:15:20.930" endtime="20201122 20:15:21.026"></status>
</kw>
<kw name="Element Should Be Enabled" library="SeleniumLibrary">
<doc>Verifies that element identified by ``locator`` is enabled.</doc>
<arguments>
<arg>${"Password"}</arg>
</arguments>
<status status="PASS" starttime="20201122 20:15:21.026" endtime="20201122 20:15:21.088"></status>
</kw>
<kw name="Input Text" library="SeleniumLibrary">
<doc>Types the given ``text`` into the text field identified by ``locator``.</doc>
<arguments>
<arg>${"Password"}</arg>
<arg>${Pword}</arg>
</arguments>
<msg timestamp="20201122 20:15:21.089" level="INFO">Typing text '123' into text field 'id:txtPassword'.</msg>
<status status="PASS" starttime="20201122 20:15:21.088" endtime="20201122 20:15:21.326"></status>
</kw>
<kw name="Set Variable" library="BuiltIn">
<doc>Returns the given values which can then be assigned to a variables.</doc>
<arguments>
<arg>id:btnLoginSubmit</arg>
</arguments>
<assign>
<var>${"SignIn"}</var>
</assign>
<msg timestamp="20201122 20:15:21.327" level="INFO">${"SignIn"} = id:btnLoginSubmit</msg>
<status status="PASS" starttime="20201122 20:15:21.326" endtime="20201122 20:15:24.307"></status>
</kw>
<kw name="Click Element" library="SeleniumLibrary">
<doc>Click the element identified by ``locator``.</doc>
<arguments>
<arg>${"SignIn"}</arg>
</arguments>
<msg timestamp="20201122 20:15:24.309" level="INFO">Clicking element 'id:btnLoginSubmit'.</msg>
<status status="PASS" starttime="20201122 20:15:24.308" endtime="20201122 20:15:25.027"></status>
</kw>
<kw name="Title Should Be" library="SeleniumLibrary">
<doc>Verifies that the current page title equals ``title``.</doc>
<arguments>
<arg>IsoMetrix</arg>
</arguments>
<msg timestamp="20201122 20:15:25.050" level="INFO">Page title is 'IsoMetrix'.</msg>
<status status="PASS" starttime="20201122 20:15:25.028" endtime="20201122 20:15:25.051"></status>
</kw>
<kw name="Capture Page Screenshot" library="SeleniumLibrary">
<doc>Takes a screenshot of the current page and embeds it into a log file.</doc>
<msg timestamp="20201122 20:15:25.369" level="INFO" html="yes">&lt;/td&gt;&lt;/tr&gt;&lt;tr&gt;&lt;td colspan="3"&gt;&lt;a href="selenium-screenshot-3.png"&gt;&lt;img src="selenium-screenshot-3.png" width="800px"&gt;&lt;/a&gt;</msg>
<status status="PASS" starttime="20201122 20:15:25.052" endtime="20201122 20:15:25.371"></status>
</kw>
<kw name="Close Browser" library="SeleniumLibrary">
<doc>Closes the current browser.</doc>
<status status="PASS" starttime="20201122 20:15:25.371" endtime="20201122 20:15:34.486"></status>
</kw>
<status status="PASS" starttime="20201122 20:15:04.722" endtime="20201122 20:15:34.487"></status>
</kw>
<status status="PASS" starttime="20201122 20:15:04.721" endtime="20201122 20:15:34.487" critical="yes"></status>
</test>
<test id="s1-s1-t4" name="TC4: Invalid User Name and Invalid Password">
<kw name="Login">
<arguments>
<arg>Invalid</arg>
<arg>Invalid</arg>
</arguments>
<kw name="Open Browser" library="SeleniumLibrary">
<doc>Opens a new browser instance to the optional ``url``.</doc>
<arguments>
<arg>${url}</arg>
<arg>${Browser}</arg>
</arguments>
<msg timestamp="20201122 20:15:34.491" level="INFO">Opening browser 'headlesschrome' to base url 'https://project-anglo.isometrix.net/login.aspx?ReturnUrl=%2f'.</msg>
<status status="PASS" starttime="20201122 20:15:34.491" endtime="20201122 20:15:51.158"></status>
</kw>
<kw name="Maximize Browser Window" library="SeleniumLibrary">
<doc>Maximizes current browser window.</doc>
<status status="PASS" starttime="20201122 20:15:51.159" endtime="20201122 20:15:53.603"></status>
</kw>
<kw name="Set Variable" library="BuiltIn">
<doc>Returns the given values which can then be assigned to a variables.</doc>
<arguments>
<arg>id:txtUsername</arg>
</arguments>
<assign>
<var>${"UserName"}</var>
</assign>
<msg timestamp="20201122 20:15:53.604" level="INFO">${"UserName"} = id:txtUsername</msg>
<status status="PASS" starttime="20201122 20:15:53.603" endtime="20201122 20:15:53.604"></status>
</kw>
<kw name="Element Should Be Visible" library="SeleniumLibrary">
<doc>Verifies that the element identified by ``locator`` is visible.</doc>
<arguments>
<arg>${"UserName"}</arg>
</arguments>
<msg timestamp="20201122 20:15:53.671" level="INFO">Element 'id:txtUsername' is displayed.</msg>
<status status="PASS" starttime="20201122 20:15:53.604" endtime="20201122 20:15:53.671"></status>
</kw>
<kw name="Element Should Be Enabled" library="SeleniumLibrary">
<doc>Verifies that element identified by ``locator`` is enabled.</doc>
<arguments>
<arg>${"UserName"}</arg>
</arguments>
<status status="PASS" starttime="20201122 20:15:53.672" endtime="20201122 20:15:53.716"></status>
</kw>
<kw name="Input Text" library="SeleniumLibrary">
<doc>Types the given ``text`` into the text field identified by ``locator``.</doc>
<arguments>
<arg>${"UserName"}</arg>
<arg>${UName}</arg>
</arguments>
<msg timestamp="20201122 20:15:53.717" level="INFO">Typing text 'Invalid' into text field 'id:txtUsername'.</msg>
<status status="PASS" starttime="20201122 20:15:53.717" endtime="20201122 20:15:53.889"></status>
</kw>
<kw name="Set Variable" library="BuiltIn">
<doc>Returns the given values which can then be assigned to a variables.</doc>
<arguments>
<arg>id:txtPassword</arg>
</arguments>
<assign>
<var>${"Password"}</var>
</assign>
<msg timestamp="20201122 20:15:53.890" level="INFO">${"Password"} = id:txtPassword</msg>
<status status="PASS" starttime="20201122 20:15:53.889" endtime="20201122 20:15:53.890"></status>
</kw>
<kw name="Element Should Be Visible" library="SeleniumLibrary">
<doc>Verifies that the element identified by ``locator`` is visible.</doc>
<arguments>
<arg>${"Password"}</arg>
</arguments>
<msg timestamp="20201122 20:15:53.956" level="INFO">Element 'id:txtPassword' is displayed.</msg>
<status status="PASS" starttime="20201122 20:15:53.891" endtime="20201122 20:15:53.956"></status>
</kw>
<kw name="Element Should Be Enabled" library="SeleniumLibrary">
<doc>Verifies that element identified by ``locator`` is enabled.</doc>
<arguments>
<arg>${"Password"}</arg>
</arguments>
<status status="PASS" starttime="20201122 20:15:53.956" endtime="20201122 20:15:53.998"></status>
</kw>
<kw name="Input Text" library="SeleniumLibrary">
<doc>Types the given ``text`` into the text field identified by ``locator``.</doc>
<arguments>
<arg>${"Password"}</arg>
<arg>${Pword}</arg>
</arguments>
<msg timestamp="20201122 20:15:53.999" level="INFO">Typing text 'Invalid' into text field 'id:txtPassword'.</msg>
<status status="PASS" starttime="20201122 20:15:53.999" endtime="20201122 20:15:54.186"></status>
</kw>
<kw name="Set Variable" library="BuiltIn">
<doc>Returns the given values which can then be assigned to a variables.</doc>
<arguments>
<arg>id:btnLoginSubmit</arg>
</arguments>
<assign>
<var>${"SignIn"}</var>
</assign>
<msg timestamp="20201122 20:15:54.187" level="INFO">${"SignIn"} = id:btnLoginSubmit</msg>
<status status="PASS" starttime="20201122 20:15:54.187" endtime="20201122 20:15:54.187"></status>
</kw>
<kw name="Click Element" library="SeleniumLibrary">
<doc>Click the element identified by ``locator``.</doc>
<arguments>
<arg>${"SignIn"}</arg>
</arguments>
<msg timestamp="20201122 20:15:54.188" level="INFO">Clicking element 'id:btnLoginSubmit'.</msg>
<status status="PASS" starttime="20201122 20:15:54.188" endtime="20201122 20:15:54.356"></status>
</kw>
<kw name="Title Should Be" library="SeleniumLibrary">
<doc>Verifies that the current page title equals ``title``.</doc>
<arguments>
<arg>IsoMetrix</arg>
</arguments>
<msg timestamp="20201122 20:15:54.369" level="INFO">Page title is 'IsoMetrix'.</msg>
<status status="PASS" starttime="20201122 20:15:54.357" endtime="20201122 20:15:54.369"></status>
</kw>
<kw name="Capture Page Screenshot" library="SeleniumLibrary">
<doc>Takes a screenshot of the current page and embeds it into a log file.</doc>
<msg timestamp="20201122 20:15:54.770" level="INFO" html="yes">&lt;/td&gt;&lt;/tr&gt;&lt;tr&gt;&lt;td colspan="3"&gt;&lt;a href="selenium-screenshot-4.png"&gt;&lt;img src="selenium-screenshot-4.png" width="800px"&gt;&lt;/a&gt;</msg>
<status status="PASS" starttime="20201122 20:15:54.370" endtime="20201122 20:15:54.771"></status>
</kw>
<kw name="Close Browser" library="SeleniumLibrary">
<doc>Closes the current browser.</doc>
<status status="PASS" starttime="20201122 20:15:54.771" endtime="20201122 20:15:57.813"></status>
</kw>
<status status="PASS" starttime="20201122 20:15:34.490" endtime="20201122 20:15:57.813"></status>
</kw>
<kw name="Close Browser" library="SeleniumLibrary" type="teardown">
<doc>Closes the current browser.</doc>
<status status="PASS" starttime="20201122 20:15:57.814" endtime="20201122 20:15:57.814"></status>
</kw>
<status status="PASS" starttime="20201122 20:15:34.489" endtime="20201122 20:15:57.814" critical="yes"></status>
</test>
<doc>Anglo Site Login Tests</doc>
<status status="PASS" starttime="20201122 20:14:27.419" endtime="20201122 20:15:57.816"></status>
</suite>
<status status="PASS" starttime="20201122 20:14:27.338" endtime="20201122 20:15:57.821"></status>
</suite>
<statistics>
<total>
<stat pass="4" fail="0">Critical Tests</stat>
<stat pass="4" fail="0">All Tests</stat>
</total>
<tag>
</tag>
<suite>
<stat pass="4" fail="0" id="s1" name="TestCases">TestCases</stat>
<stat pass="4" fail="0" id="s1-s1" name="TC2">TestCases.TC2</stat>
</suite>
</statistics>
<errors>
</errors>
</robot>
