<?xml version="1.0" encoding="UTF-8"?>
<robot generator="Robot 3.2.2 (Python 3.8.5 on win32)" generated="20201122 20:09:43.506" rpa="false">
<suite id="s1" name="TestCases" source="C:\Users\Punith.Keshav\PycharmProjects\RobotFrameworkProject\TestCases">
<suite id="s1-s1" name="Close" source="C:\Users\Punith.Keshav\PycharmProjects\RobotFrameworkProject\TestCases\close.robot">
<test id="s1-s1-t1" name="Reg Test">
<kw name="Open Browser" library="SeleniumLibrary">
<doc>Opens a new browser instance to the optional ``url``.</doc>
<arguments>
<arg>${url}</arg>
<arg>${browser}</arg>
</arguments>
<msg timestamp="20201122 20:09:44.497" level="INFO">Opening browser 'chrome' to base url 'http://demowebshop.tricentis.com/register'.</msg>
<status status="PASS" starttime="20201122 20:09:44.496" endtime="20201122 20:10:15.492"></status>
</kw>
<kw name="Maximize Browser Window" library="SeleniumLibrary">
<doc>Maximizes current browser window.</doc>
<status status="PASS" starttime="20201122 20:10:15.493" endtime="20201122 20:10:18.292"></status>
</kw>
<kw name="Open Browser" library="SeleniumLibrary">
<doc>Opens a new browser instance to the optional ``url``.</doc>
<arguments>
<arg>${url2}</arg>
<arg>${browser}</arg>
</arguments>
<msg timestamp="20201122 20:10:18.293" level="INFO">Opening browser 'chrome' to base url 'https://robotframework.org/'.</msg>
<status status="PASS" starttime="20201122 20:10:18.292" endtime="20201122 20:14:08.210"></status>
</kw>
<kw name="Maximize Browser Window" library="SeleniumLibrary">
<doc>Maximizes current browser window.</doc>
<status status="PASS" starttime="20201122 20:14:08.211" endtime="20201122 20:14:13.120"></status>
</kw>
<kw name="Close All Browsers" library="SeleniumLibrary">
<doc>Closes all open browsers and resets the browser cache.</doc>
<status status="PASS" starttime="20201122 20:14:13.120" endtime="20201122 20:14:31.479"></status>
</kw>
<status status="PASS" starttime="20201122 20:09:44.495" endtime="20201122 20:14:31.480" critical="yes"></status>
</test>
<status status="PASS" starttime="20201122 20:09:43.622" endtime="20201122 20:14:31.482"></status>
</suite>
<status status="PASS" starttime="20201122 20:09:43.517" endtime="20201122 20:14:31.487"></status>
</suite>
<statistics>
<total>
<stat pass="1" fail="0">Critical Tests</stat>
<stat pass="1" fail="0">All Tests</stat>
</total>
<tag>
</tag>
<suite>
<stat pass="1" fail="0" id="s1" name="TestCases">TestCases</stat>
<stat pass="1" fail="0" id="s1-s1" name="Close">TestCases.Close</stat>
</suite>
</statistics>
<errors>
</errors>
</robot>
