<?xml version="1.0" encoding="UTF-8"?>
<robot generator="Robot 3.2.2 (Python 3.8.5 on win32)" generated="20201122 20:10:21.877" rpa="false">
<suite id="s1" name="TestCases" source="C:\Users\Punith.Keshav\PycharmProjects\RobotFrameworkProject\TestCases">
<suite id="s1-s1" name="Htmltable" source="C:\Users\Punith.Keshav\PycharmProjects\RobotFrameworkProject\TestCases\htmltable.robot">
<test id="s1-s1-t1" name="Table Validations">
<kw name="Open Browser" library="SeleniumLibrary">
<doc>Opens a new browser instance to the optional ``url``.</doc>
<arguments>
<arg>${url}</arg>
<arg>${browser}</arg>
</arguments>
<msg timestamp="20201122 20:10:22.957" level="INFO">Opening browser 'chrome' to base url 'http://testautomationpractice.blogspot.com/'.</msg>
<status status="PASS" starttime="20201122 20:10:22.956" endtime="20201122 20:12:22.094"></status>
</kw>
<kw name="Maximize Browser Window" library="SeleniumLibrary">
<doc>Maximizes current browser window.</doc>
<status status="PASS" starttime="20201122 20:12:22.094" endtime="20201122 20:13:20.109"></status>
</kw>
<kw name="Get Element Count" library="SeleniumLibrary">
<doc>Returns the number of elements matching ``locator``.</doc>
<arguments>
<arg>xpath://table[@name='BookTable']/tbody/tr</arg>
</arguments>
<assign>
<var>${rows}</var>
</assign>
<msg timestamp="20201122 20:13:23.036" level="INFO">${rows} = 7</msg>
<status status="PASS" starttime="20201122 20:13:20.109" endtime="20201122 20:13:23.037"></status>
</kw>
<kw name="Get Element Count" library="SeleniumLibrary">
<doc>Returns the number of elements matching ``locator``.</doc>
<arguments>
<arg>xpath://table[@name='BookTable']/tbody/tr[1]/th</arg>
</arguments>
<assign>
<var>${columns}</var>
</assign>
<msg timestamp="20201122 20:13:27.588" level="INFO">${columns} = 4</msg>
<status status="PASS" starttime="20201122 20:13:23.037" endtime="20201122 20:13:27.588"></status>
</kw>
<kw name="Log To Console" library="BuiltIn">
<doc>Logs the given message to the console.</doc>
<arguments>
<arg>${rows}</arg>
</arguments>
<status status="PASS" starttime="20201122 20:13:27.588" endtime="20201122 20:13:27.589"></status>
</kw>
<kw name="Log To Console" library="BuiltIn">
<doc>Logs the given message to the console.</doc>
<arguments>
<arg>${columns}</arg>
</arguments>
<status status="PASS" starttime="20201122 20:13:27.589" endtime="20201122 20:13:27.590"></status>
</kw>
<kw name="Get Text" library="SeleniumLibrary">
<doc>Returns the text value of the element identified by ``locator``.</doc>
<arguments>
<arg>xpath://table[@name='BookTable']/tbody/tr[5]/td[1]</arg>
</arguments>
<assign>
<var>${data}</var>
</assign>
<msg timestamp="20201122 20:13:28.226" level="INFO">${data} = Master In Selenium</msg>
<status status="PASS" starttime="20201122 20:13:27.590" endtime="20201122 20:13:28.227"></status>
</kw>
<kw name="Log To Console" library="BuiltIn">
<doc>Logs the given message to the console.</doc>
<arguments>
<arg>${data}</arg>
</arguments>
<status status="PASS" starttime="20201122 20:13:28.227" endtime="20201122 20:13:28.228"></status>
</kw>
<kw name="Table Column Should Contain" library="SeleniumLibrary">
<doc>Verifies table column contains text ``expected``.</doc>
<arguments>
<arg>xpath://table[@name='BookTable']</arg>
<arg>2</arg>
<arg>Author</arg>
</arguments>
<status status="PASS" starttime="20201122 20:13:28.228" endtime="20201122 20:13:29.040"></status>
</kw>
<kw name="Table Header Should Contain" library="SeleniumLibrary">
<doc>Verifies table header contains text ``expected``.</doc>
<arguments>
<arg>xpath://table[@name='BookTable']</arg>
<arg>Author</arg>
</arguments>
<status status="PASS" starttime="20201122 20:13:29.041" endtime="20201122 20:13:29.616"></status>
</kw>
<kw name="Table Row Should Contain" library="SeleniumLibrary">
<doc>Verifies that table row contains text ``expected``.</doc>
<arguments>
<arg>xpath://table[@name='BookTable']</arg>
<arg>4</arg>
<arg>Learn JS</arg>
</arguments>
<status status="PASS" starttime="20201122 20:13:29.616" endtime="20201122 20:13:31.736"></status>
</kw>
<kw name="Table Cell Should Contain" library="SeleniumLibrary">
<doc>Verifies table cell contains text ``expected``.</doc>
<arguments>
<arg>xpath://table[@name='BookTable']</arg>
<arg>2</arg>
<arg>Mukesh</arg>
</arguments>
<msg timestamp="20201122 20:13:31.736" level="FAIL">Keyword 'SeleniumLibrary.Table Cell Should Contain' expected 4 to 5 arguments, got 3.</msg>
<status status="FAIL" starttime="20201122 20:13:31.736" endtime="20201122 20:13:31.737"></status>
</kw>
<status status="FAIL" starttime="20201122 20:10:22.954" endtime="20201122 20:13:31.737" critical="yes">Keyword 'SeleniumLibrary.Table Cell Should Contain' expected 4 to 5 arguments, got 3.</status>
</test>
<status status="FAIL" starttime="20201122 20:10:22.037" endtime="20201122 20:13:31.739"></status>
</suite>
<status status="FAIL" starttime="20201122 20:10:21.905" endtime="20201122 20:13:31.742"></status>
</suite>
<statistics>
<total>
<stat pass="0" fail="1">Critical Tests</stat>
<stat pass="0" fail="1">All Tests</stat>
</total>
<tag>
</tag>
<suite>
<stat pass="0" fail="1" id="s1" name="TestCases">TestCases</stat>
<stat pass="0" fail="1" id="s1-s1" name="Htmltable">TestCases.Htmltable</stat>
</suite>
</statistics>
<errors>
</errors>
</robot>
