<?xml version="1.0" encoding="UTF-8"?>
<robot generator="Robot 3.2.2 (Python 3.8.5 on win32)" generated="20201122 20:10:22.701" rpa="false">
<suite id="s1" name="TestCases" source="C:\Users\Punith.Keshav\PycharmProjects\RobotFrameworkProject\TestCases">
<suite id="s1-s1" name="Inputbox" source="C:\Users\Punith.Keshav\PycharmProjects\RobotFrameworkProject\TestCases\Inputbox.robot">
<test id="s1-s1-t1" name="TestingInputBox">
<kw name="Open Browser" library="SeleniumLibrary">
<doc>Opens a new browser instance to the optional ``url``.</doc>
<arguments>
<arg>${url}</arg>
<arg>${browser}</arg>
</arguments>
<msg timestamp="20201122 20:10:24.259" level="INFO">Opening browser 'chrome' to base url 'https://demo.nopcommerce.com/'.</msg>
<status status="PASS" starttime="20201122 20:10:24.258" endtime="20201122 20:10:36.001"></status>
</kw>
<kw name="Maximize Browser Window" library="SeleniumLibrary">
<doc>Maximizes current browser window.</doc>
<status status="PASS" starttime="20201122 20:10:36.001" endtime="20201122 20:10:40.317"></status>
</kw>
<kw name="Title Should Be" library="SeleniumLibrary">
<doc>Verifies that the current page title equals ``title``.</doc>
<arguments>
<arg>nopCommerce demo store</arg>
</arguments>
<msg timestamp="20201122 20:10:40.950" level="INFO">Page title is 'nopCommerce demo store'.</msg>
<status status="PASS" starttime="20201122 20:10:40.317" endtime="20201122 20:10:40.950"></status>
</kw>
<kw name="Click Link" library="SeleniumLibrary">
<doc>Clicks a link identified by ``locator``.</doc>
<arguments>
<arg>xpath://a[normalize-space()='Log in']</arg>
</arguments>
<msg timestamp="20201122 20:10:40.951" level="INFO">Clicking link 'xpath://a[normalize-space()='Log in']'.</msg>
<status status="PASS" starttime="20201122 20:10:40.950" endtime="20201122 20:10:48.712"></status>
</kw>
<kw name="Set Variable" library="BuiltIn">
<doc>Returns the given values which can then be assigned to a variables.</doc>
<arguments>
<arg>id:Email</arg>
</arguments>
<assign>
<var>${"email_text"}</var>
</assign>
<msg timestamp="20201122 20:10:48.713" level="INFO">${"email_text"} = id:Email</msg>
<status status="PASS" starttime="20201122 20:10:48.712" endtime="20201122 20:10:48.713"></status>
</kw>
<kw name="Element Should Not Be Visible" library="SeleniumLibrary">
<doc>Verifies that the element identified by ``locator`` is NOT visible.</doc>
<arguments>
<arg>${"email_text"}</arg>
</arguments>
<kw name="Capture Page Screenshot" library="SeleniumLibrary">
<doc>Takes a screenshot of the current page and embeds it into a log file.</doc>
<msg timestamp="20201122 20:10:49.413" level="INFO" html="yes">&lt;/td&gt;&lt;/tr&gt;&lt;tr&gt;&lt;td colspan="3"&gt;&lt;a href="selenium-screenshot-1.png"&gt;&lt;img src="selenium-screenshot-1.png" width="800px"&gt;&lt;/a&gt;</msg>
<status status="PASS" starttime="20201122 20:10:48.920" endtime="20201122 20:10:49.413"></status>
</kw>
<msg timestamp="20201122 20:10:49.500" level="FAIL">The element 'id:Email' should not be visible, but it is.</msg>
<status status="FAIL" starttime="20201122 20:10:48.713" endtime="20201122 20:10:49.501"></status>
</kw>
<status status="FAIL" starttime="20201122 20:10:24.255" endtime="20201122 20:10:49.501" critical="yes">The element 'id:Email' should not be visible, but it is.</status>
</test>
<status status="FAIL" starttime="20201122 20:10:22.787" endtime="20201122 20:10:49.508"></status>
</suite>
<status status="FAIL" starttime="20201122 20:10:22.705" endtime="20201122 20:10:49.513"></status>
</suite>
<statistics>
<total>
<stat pass="0" fail="1">Critical Tests</stat>
<stat pass="0" fail="1">All Tests</stat>
</total>
<tag>
</tag>
<suite>
<stat pass="0" fail="1" id="s1" name="TestCases">TestCases</stat>
<stat pass="0" fail="1" id="s1-s1" name="Inputbox">TestCases.Inputbox</stat>
</suite>
</statistics>
<errors>
</errors>
</robot>
