<?xml version="1.0" encoding="UTF-8"?>
<robot generator="Robot 3.2.2 (Python 3.8.5 on win32)" generated="20201122 20:14:34.639" rpa="false">
<suite id="s1" name="TestCases" source="C:\Users\Punith.Keshav\PycharmProjects\RobotFrameworkProject\TestCases">
<suite id="s1-s1" name="TimeoutTest" source="C:\Users\Punith.Keshav\PycharmProjects\RobotFrameworkProject\TestCases\TimeoutTest.robot">
<test id="s1-s1-t1" name="Reg Test">
<kw name="Open Browser" library="SeleniumLibrary">
<doc>Opens a new browser instance to the optional ``url``.</doc>
<arguments>
<arg>${url}</arg>
<arg>${browser}</arg>
</arguments>
<msg timestamp="20201122 20:14:35.121" level="INFO">Opening browser 'chrome' to base url 'http://demowebshop.tricentis.com/register'.</msg>
<status status="PASS" starttime="20201122 20:14:35.120" endtime="20201122 20:14:43.139"></status>
</kw>
<kw name="Maximize Browser Window" library="SeleniumLibrary">
<doc>Maximizes current browser window.</doc>
<status status="PASS" starttime="20201122 20:14:43.140" endtime="20201122 20:14:45.800"></status>
</kw>
<kw name="Set Selenium Timeout" library="SeleniumLibrary">
<doc>Sets the timeout that is used by various keywords.</doc>
<arguments>
<arg>10 seconds</arg>
</arguments>
<status status="PASS" starttime="20201122 20:14:45.800" endtime="20201122 20:14:45.804"></status>
</kw>
<kw name="Wait Until Page Contains" library="SeleniumLibrary">
<doc>Waits until ``text`` appears on the current page.</doc>
<arguments>
<arg>Register</arg>
</arguments>
<status status="PASS" starttime="20201122 20:14:45.804" endtime="20201122 20:14:45.847"></status>
</kw>
<kw name="Select Radio Button" library="SeleniumLibrary">
<doc>Sets the radio button group ``group_name`` to ``value``.</doc>
<arguments>
<arg>Gender</arg>
<arg>M</arg>
</arguments>
<msg timestamp="20201122 20:14:45.848" level="INFO">Selecting 'M' from radio button 'Gender'.</msg>
<status status="PASS" starttime="20201122 20:14:45.848" endtime="20201122 20:14:46.204"></status>
</kw>
<kw name="Input Text" library="SeleniumLibrary">
<doc>Types the given ``text`` into the text field identified by ``locator``.</doc>
<arguments>
<arg>name:FirstName</arg>
<arg>Punith</arg>
</arguments>
<msg timestamp="20201122 20:14:46.205" level="INFO">Typing text 'Punith' into text field 'name:FirstName'.</msg>
<status status="PASS" starttime="20201122 20:14:46.204" endtime="20201122 20:14:46.559"></status>
</kw>
<kw name="Input Text" library="SeleniumLibrary">
<doc>Types the given ``text`` into the text field identified by ``locator``.</doc>
<arguments>
<arg>name:LastName</arg>
<arg>K</arg>
</arguments>
<msg timestamp="20201122 20:14:46.561" level="INFO">Typing text 'K' into text field 'name:LastName'.</msg>
<status status="PASS" starttime="20201122 20:14:46.560" endtime="20201122 20:14:46.828"></status>
</kw>
<kw name="Input Text" library="SeleniumLibrary">
<doc>Types the given ``text`` into the text field identified by ``locator``.</doc>
<arguments>
<arg>name:Email</arg>
<arg>PK@gmail.com</arg>
</arguments>
<msg timestamp="20201122 20:14:46.829" level="INFO">Typing text 'PK@gmail.com' into text field 'name:Email'.</msg>
<status status="PASS" starttime="20201122 20:14:46.828" endtime="20201122 20:14:47.179"></status>
</kw>
<kw name="Input Text" library="SeleniumLibrary">
<doc>Types the given ``text`` into the text field identified by ``locator``.</doc>
<arguments>
<arg>name:Password</arg>
<arg>Password</arg>
</arguments>
<msg timestamp="20201122 20:14:47.180" level="INFO">Typing text 'Password' into text field 'name:Password'.</msg>
<status status="PASS" starttime="20201122 20:14:47.179" endtime="20201122 20:14:47.415"></status>
</kw>
<kw name="Input Text" library="SeleniumLibrary">
<doc>Types the given ``text`` into the text field identified by ``locator``.</doc>
<arguments>
<arg>name:ConfirmPassword</arg>
<arg>Password</arg>
</arguments>
<msg timestamp="20201122 20:14:47.416" level="INFO">Typing text 'Password' into text field 'name:ConfirmPassword'.</msg>
<status status="PASS" starttime="20201122 20:14:47.416" endtime="20201122 20:14:47.615"></status>
</kw>
<status status="PASS" starttime="20201122 20:14:35.118" endtime="20201122 20:14:47.616" critical="yes"></status>
</test>
<status status="PASS" starttime="20201122 20:14:34.695" endtime="20201122 20:14:47.617"></status>
</suite>
<status status="PASS" starttime="20201122 20:14:34.644" endtime="20201122 20:14:47.622"></status>
</suite>
<statistics>
<total>
<stat pass="1" fail="0">Critical Tests</stat>
<stat pass="1" fail="0">All Tests</stat>
</total>
<tag>
</tag>
<suite>
<stat pass="1" fail="0" id="s1" name="TestCases">TestCases</stat>
<stat pass="1" fail="0" id="s1-s1" name="TimeoutTest">TestCases.TimeoutTest</stat>
</suite>
</statistics>
<errors>
</errors>
</robot>
