<?xml version="1.0" encoding="UTF-8"?>
<robot generator="Robot 3.2.2 (Python 3.8.5 on win32)" generated="20201122 20:10:52.986" rpa="false">
<suite id="s1" name="TestCases" source="C:\Users\Punith.Keshav\PycharmProjects\RobotFrameworkProject\TestCases">
<suite id="s1-s1" name="LoginTest" source="C:\Users\Punith.Keshav\PycharmProjects\RobotFrameworkProject\TestCases\LoginTest.robot">
<test id="s1-s1-t1" name="Login Test">
<kw name="Open My Browser" library="LoginKeyword">
<arguments>
<arg>${SiteUrl}</arg>
<arg>${Browser}</arg>
</arguments>
<kw name="Open Browser" library="SeleniumLibrary">
<doc>Opens a new browser instance to the optional ``url``.</doc>
<arguments>
<arg>${SiteUrl}</arg>
<arg>${Browser}</arg>
</arguments>
<msg timestamp="20201122 20:10:54.367" level="INFO">Opening browser 'chrome' to base url 'http://demo.guru99.com/test/newtours/index.php'.</msg>
<status status="PASS" starttime="20201122 20:10:54.366" endtime="20201122 20:11:03.912"></status>
</kw>
<kw name="Maximize Browser Window" library="SeleniumLibrary">
<doc>Maximizes current browser window.</doc>
<status status="PASS" starttime="20201122 20:11:03.913" endtime="20201122 20:12:22.485"></status>
</kw>
<status status="PASS" starttime="20201122 20:10:54.365" endtime="20201122 20:12:22.485"></status>
</kw>
<kw name="Enter User Name" library="LoginKeyword">
<arguments>
<arg>${user}</arg>
</arguments>
<kw name="Input Text" library="SeleniumLibrary">
<doc>Types the given ``text`` into the text field identified by ``locator``.</doc>
<arguments>
<arg>${txt_loginUserName}</arg>
<arg>${username}</arg>
</arguments>
<msg timestamp="20201122 20:12:22.488" level="INFO">Typing text 'tutorial' into text field 'name:userName'.</msg>
<status status="PASS" starttime="20201122 20:12:22.487" endtime="20201122 20:12:22.961"></status>
</kw>
<status status="PASS" starttime="20201122 20:12:22.486" endtime="20201122 20:12:22.961"></status>
</kw>
<kw name="Enter Password" library="LoginKeyword">
<arguments>
<arg>${password}</arg>
</arguments>
<kw name="Input Text" library="SeleniumLibrary">
<doc>Types the given ``text`` into the text field identified by ``locator``.</doc>
<arguments>
<arg>${txt_loginPassword}</arg>
<arg>${password}</arg>
</arguments>
<msg timestamp="20201122 20:12:22.964" level="INFO">Typing text 'tutorial' into text field 'name:password'.</msg>
<status status="PASS" starttime="20201122 20:12:22.963" endtime="20201122 20:12:23.282"></status>
</kw>
<status status="PASS" starttime="20201122 20:12:22.962" endtime="20201122 20:12:23.282"></status>
</kw>
<kw name="Click SignIn" library="LoginKeyword">
<kw name="Click Button" library="SeleniumLibrary">
<doc>Clicks the button identified by ``locator``.</doc>
<arguments>
<arg>${btn_SignIn}</arg>
</arguments>
<msg timestamp="20201122 20:12:23.284" level="INFO">Clicking button 'xpath://input[@value='Submit']'.</msg>
<status status="PASS" starttime="20201122 20:12:23.283" endtime="20201122 20:12:28.594"></status>
</kw>
<status status="PASS" starttime="20201122 20:12:23.282" endtime="20201122 20:12:28.595"></status>
</kw>
<kw name="Sleep" library="BuiltIn">
<doc>Pauses the test executed for the given time.</doc>
<arguments>
<arg>3</arg>
</arguments>
<msg timestamp="20201122 20:12:31.604" level="INFO">Slept 3 seconds</msg>
<status status="PASS" starttime="20201122 20:12:28.595" endtime="20201122 20:12:31.605"></status>
</kw>
<kw name="Verify Successfull Login" library="LoginKeyword">
<kw name="Title Should Be" library="SeleniumLibrary">
<doc>Verifies that the current page title equals ``title``.</doc>
<arguments>
<arg>Login: Mercury Tours</arg>
</arguments>
<msg timestamp="20201122 20:12:31.624" level="INFO">Page title is 'Login: Mercury Tours'.</msg>
<status status="PASS" starttime="20201122 20:12:31.606" endtime="20201122 20:12:31.625"></status>
</kw>
<status status="PASS" starttime="20201122 20:12:31.605" endtime="20201122 20:12:31.625"></status>
</kw>
<kw name="Close my Browsers" library="LoginKeyword">
<kw name="Close All Browsers" library="SeleniumLibrary">
<doc>Closes all open browsers and resets the browser cache.</doc>
<status status="PASS" starttime="20201122 20:12:31.626" endtime="20201122 20:12:41.562"></status>
</kw>
<status status="PASS" starttime="20201122 20:12:31.625" endtime="20201122 20:12:41.562"></status>
</kw>
<status status="PASS" starttime="20201122 20:10:54.363" endtime="20201122 20:12:41.563" critical="yes"></status>
</test>
<status status="PASS" starttime="20201122 20:10:53.149" endtime="20201122 20:12:41.565"></status>
</suite>
<status status="PASS" starttime="20201122 20:10:53.017" endtime="20201122 20:12:41.570"></status>
</suite>
<statistics>
<total>
<stat pass="1" fail="0">Critical Tests</stat>
<stat pass="1" fail="0">All Tests</stat>
</total>
<tag>
</tag>
<suite>
<stat pass="1" fail="0" id="s1" name="TestCases">TestCases</stat>
<stat pass="1" fail="0" id="s1-s1" name="LoginTest">TestCases.LoginTest</stat>
</suite>
</statistics>
<errors>
</errors>
</robot>
