<?xml version="1.0" encoding="UTF-8"?>
<robot generator="Robot 3.2.2 (Python 3.8.5 on win32)" generated="20201122 20:12:45.281" rpa="false">
<suite id="s1" name="TestCases" source="C:\Users\Punith.Keshav\PycharmProjects\RobotFrameworkProject\TestCases">
<suite id="s1-s1" name="Multiplebrowsers" source="C:\Users\Punith.Keshav\PycharmProjects\RobotFrameworkProject\TestCases\multiplebrowsers.robot">
<test id="s1-s1-t1" name="Multiple Windows">
<kw name="Open Browser" library="SeleniumLibrary">
<doc>Opens a new browser instance to the optional ``url``.</doc>
<arguments>
<arg>${url}</arg>
<arg>${browser}</arg>
</arguments>
<msg timestamp="20201122 20:12:46.720" level="INFO">Opening browser 'chrome' to base url 'https://www.google.com/'.</msg>
<status status="PASS" starttime="20201122 20:12:46.718" endtime="20201122 20:12:55.706"></status>
</kw>
<kw name="Maximize Browser Window" library="SeleniumLibrary">
<doc>Maximizes current browser window.</doc>
<status status="PASS" starttime="20201122 20:12:55.707" endtime="20201122 20:12:58.205"></status>
</kw>
<kw name="Sleep" library="BuiltIn">
<doc>Pauses the test executed for the given time.</doc>
<arguments>
<arg>3</arg>
</arguments>
<msg timestamp="20201122 20:13:01.229" level="INFO">Slept 3 seconds</msg>
<status status="PASS" starttime="20201122 20:12:58.206" endtime="20201122 20:13:01.229"></status>
</kw>
<kw name="Open Browser" library="SeleniumLibrary">
<doc>Opens a new browser instance to the optional ``url``.</doc>
<arguments>
<arg>${url1}</arg>
<arg>${browser}</arg>
</arguments>
<msg timestamp="20201122 20:13:01.231" level="INFO">Opening browser 'chrome' to base url 'https://www.bing.com/'.</msg>
<status status="PASS" starttime="20201122 20:13:01.229" endtime="20201122 20:13:08.487"></status>
</kw>
<kw name="Maximize Browser Window" library="SeleniumLibrary">
<doc>Maximizes current browser window.</doc>
<status status="PASS" starttime="20201122 20:13:08.488" endtime="20201122 20:13:11.279"></status>
</kw>
<kw name="Sleep" library="BuiltIn">
<doc>Pauses the test executed for the given time.</doc>
<arguments>
<arg>3</arg>
</arguments>
<msg timestamp="20201122 20:13:14.286" level="INFO">Slept 3 seconds</msg>
<status status="PASS" starttime="20201122 20:13:11.279" endtime="20201122 20:13:14.286"></status>
</kw>
<kw name="Switch Browser" library="SeleniumLibrary">
<doc>Switches between active browsers using ``index_or_alias``.</doc>
<arguments>
<arg>1</arg>
</arguments>
<status status="PASS" starttime="20201122 20:13:14.287" endtime="20201122 20:13:14.287"></status>
</kw>
<kw name="Get Title" library="SeleniumLibrary">
<doc>Returns the title of the current page.</doc>
<assign>
<var>${title}</var>
</assign>
<msg timestamp="20201122 20:13:17.888" level="INFO">${title} = Google</msg>
<status status="PASS" starttime="20201122 20:13:14.288" endtime="20201122 20:13:17.888"></status>
</kw>
<kw name="Log To Console" library="BuiltIn">
<doc>Logs the given message to the console.</doc>
<arguments>
<arg>${title}</arg>
</arguments>
<status status="PASS" starttime="20201122 20:13:17.889" endtime="20201122 20:13:17.889"></status>
</kw>
<kw name="Switch Browser" library="SeleniumLibrary">
<doc>Switches between active browsers using ``index_or_alias``.</doc>
<arguments>
<arg>2</arg>
</arguments>
<status status="PASS" starttime="20201122 20:13:17.889" endtime="20201122 20:13:17.890"></status>
</kw>
<kw name="Get Title" library="SeleniumLibrary">
<doc>Returns the title of the current page.</doc>
<assign>
<var>${title2}</var>
</assign>
<msg timestamp="20201122 20:13:21.246" level="INFO">${title2} = Bing</msg>
<status status="PASS" starttime="20201122 20:13:17.890" endtime="20201122 20:13:21.246"></status>
</kw>
<kw name="Log To Console" library="BuiltIn">
<doc>Logs the given message to the console.</doc>
<arguments>
<arg>${title2}</arg>
</arguments>
<status status="PASS" starttime="20201122 20:13:21.246" endtime="20201122 20:13:21.247"></status>
</kw>
<kw name="Sleep" library="BuiltIn">
<doc>Pauses the test executed for the given time.</doc>
<arguments>
<arg>3</arg>
</arguments>
<msg timestamp="20201122 20:13:24.262" level="INFO">Slept 3 seconds</msg>
<status status="PASS" starttime="20201122 20:13:21.247" endtime="20201122 20:13:24.263"></status>
</kw>
<kw name="Close All Browsers" library="SeleniumLibrary">
<doc>Closes all open browsers and resets the browser cache.</doc>
<status status="PASS" starttime="20201122 20:13:24.263" endtime="20201122 20:14:02.053"></status>
</kw>
<status status="PASS" starttime="20201122 20:12:46.716" endtime="20201122 20:14:02.054" critical="yes"></status>
</test>
<status status="PASS" starttime="20201122 20:12:45.440" endtime="20201122 20:14:02.057"></status>
</suite>
<status status="PASS" starttime="20201122 20:12:45.302" endtime="20201122 20:14:02.062"></status>
</suite>
<statistics>
<total>
<stat pass="1" fail="0">Critical Tests</stat>
<stat pass="1" fail="0">All Tests</stat>
</total>
<tag>
</tag>
<suite>
<stat pass="1" fail="0" id="s1" name="TestCases">TestCases</stat>
<stat pass="1" fail="0" id="s1-s1" name="Multiplebrowsers">TestCases.Multiplebrowsers</stat>
</suite>
</statistics>
<errors>
</errors>
</robot>
