<?xml version="1.0" encoding="UTF-8"?>
<robot generator="Robot 3.2.2 (Python 3.8.5 on win32)" generated="20201122 20:10:28.595" rpa="false">
<suite id="s1" name="TestCases" source="C:\Users\Punith.Keshav\PycharmProjects\RobotFrameworkProject\TestCases">
<suite id="s1-s1" name="Links" source="C:\Users\Punith.Keshav\PycharmProjects\RobotFrameworkProject\TestCases\Links.robot">
<test id="s1-s1-t1" name="Extract Links">
<kw name="Open Browser" library="SeleniumLibrary">
<doc>Opens a new browser instance to the optional ``url``.</doc>
<arguments>
<arg>${url}</arg>
<arg>${browser}</arg>
</arguments>
<msg timestamp="20201122 20:10:30.614" level="INFO">Opening browser 'chrome' to base url 'http://demo.guru99.com/test/newtours/index.php'.</msg>
<status status="PASS" starttime="20201122 20:10:30.613" endtime="20201122 20:11:57.446"></status>
</kw>
<kw name="Maximize Browser Window" library="SeleniumLibrary">
<doc>Maximizes current browser window.</doc>
<status status="PASS" starttime="20201122 20:11:57.446" endtime="20201122 20:12:23.765"></status>
</kw>
<kw name="Get Element Count" library="SeleniumLibrary">
<doc>Returns the number of elements matching ``locator``.</doc>
<arguments>
<arg>xpath://a</arg>
</arguments>
<assign>
<var>${AllLinksCount}</var>
</assign>
<msg timestamp="20201122 20:12:30.240" level="INFO">${AllLinksCount} = 53</msg>
<status status="PASS" starttime="20201122 20:12:23.765" endtime="20201122 20:12:30.240"></status>
</kw>
<kw name="Log To Console" library="BuiltIn">
<doc>Logs the given message to the console.</doc>
<arguments>
<arg>${AllLinksCount}</arg>
</arguments>
<status status="PASS" starttime="20201122 20:12:30.240" endtime="20201122 20:12:30.241"></status>
</kw>
<kw name="Create List" library="BuiltIn">
<doc>Returns a list containing given items.</doc>
<assign>
<var>@{LinkItems}</var>
</assign>
<msg timestamp="20201122 20:12:30.242" level="INFO">@{LinkItems} = [ ]</msg>
<status status="PASS" starttime="20201122 20:12:30.242" endtime="20201122 20:12:30.242"></status>
</kw>
<kw name="${i} IN RANGE [ 1 | ${AllLinksCount} ]" type="for">
<kw name="${i} = 1" type="foritem">
<kw name="Get Text" library="SeleniumLibrary">
<doc>Returns the text value of the element identified by ``locator``.</doc>
<arguments>
<arg>xpath:(//a)[${i}]</arg>
</arguments>
<assign>
<var>${linktext}</var>
</assign>
<msg timestamp="20201122 20:12:32.088" level="INFO">${linktext} = </msg>
<status status="PASS" starttime="20201122 20:12:30.243" endtime="20201122 20:12:32.089"></status>
</kw>
<kw name="Log To Console" library="BuiltIn">
<doc>Logs the given message to the console.</doc>
<arguments>
<arg>${linktext}</arg>
</arguments>
<status status="PASS" starttime="20201122 20:12:32.089" endtime="20201122 20:12:32.090"></status>
</kw>
<status status="PASS" starttime="20201122 20:12:30.243" endtime="20201122 20:12:32.090"></status>
</kw>
<kw name="${i} = 2" type="foritem">
<kw name="Get Text" library="SeleniumLibrary">
<doc>Returns the text value of the element identified by ``locator``.</doc>
<arguments>
<arg>xpath:(//a)[${i}]</arg>
</arguments>
<assign>
<var>${linktext}</var>
</assign>
<msg timestamp="20201122 20:12:32.310" level="INFO">${linktext} = Demo Site</msg>
<status status="PASS" starttime="20201122 20:12:32.091" endtime="20201122 20:12:32.310"></status>
</kw>
<kw name="Log To Console" library="BuiltIn">
<doc>Logs the given message to the console.</doc>
<arguments>
<arg>${linktext}</arg>
</arguments>
<status status="PASS" starttime="20201122 20:12:32.310" endtime="20201122 20:12:32.312"></status>
</kw>
<status status="PASS" starttime="20201122 20:12:32.091" endtime="20201122 20:12:32.313"></status>
</kw>
<kw name="${i} = 3" type="foritem">
<kw name="Get Text" library="SeleniumLibrary">
<doc>Returns the text value of the element identified by ``locator``.</doc>
<arguments>
<arg>xpath:(//a)[${i}]</arg>
</arguments>
<assign>
<var>${linktext}</var>
</assign>
<msg timestamp="20201122 20:12:32.424" level="INFO">${linktext} = Selenium</msg>
<status status="PASS" starttime="20201122 20:12:32.313" endtime="20201122 20:12:32.424"></status>
</kw>
<kw name="Log To Console" library="BuiltIn">
<doc>Logs the given message to the console.</doc>
<arguments>
<arg>${linktext}</arg>
</arguments>
<status status="PASS" starttime="20201122 20:12:32.425" endtime="20201122 20:12:32.425"></status>
</kw>
<status status="PASS" starttime="20201122 20:12:32.313" endtime="20201122 20:12:32.425"></status>
</kw>
<kw name="${i} = 4" type="foritem">
<kw name="Get Text" library="SeleniumLibrary">
<doc>Returns the text value of the element identified by ``locator``.</doc>
<arguments>
<arg>xpath:(//a)[${i}]</arg>
</arguments>
<assign>
<var>${linktext}</var>
</assign>
<msg timestamp="20201122 20:12:32.508" level="INFO">${linktext} = </msg>
<status status="PASS" starttime="20201122 20:12:32.426" endtime="20201122 20:12:32.508"></status>
</kw>
<kw name="Log To Console" library="BuiltIn">
<doc>Logs the given message to the console.</doc>
<arguments>
<arg>${linktext}</arg>
</arguments>
<status status="PASS" starttime="20201122 20:12:32.509" endtime="20201122 20:12:32.509"></status>
</kw>
<status status="PASS" starttime="20201122 20:12:32.426" endtime="20201122 20:12:32.510"></status>
</kw>
<kw name="${i} = 5" type="foritem">
<kw name="Get Text" library="SeleniumLibrary">
<doc>Returns the text value of the element identified by ``locator``.</doc>
<arguments>
<arg>xpath:(//a)[${i}]</arg>
</arguments>
<assign>
<var>${linktext}</var>
</assign>
<msg timestamp="20201122 20:12:33.508" level="INFO">${linktext} = </msg>
<status status="PASS" starttime="20201122 20:12:32.510" endtime="20201122 20:12:33.508"></status>
</kw>
<kw name="Log To Console" library="BuiltIn">
<doc>Logs the given message to the console.</doc>
<arguments>
<arg>${linktext}</arg>
</arguments>
<status status="PASS" starttime="20201122 20:12:33.508" endtime="20201122 20:12:33.509"></status>
</kw>
<status status="PASS" starttime="20201122 20:12:32.510" endtime="20201122 20:12:33.509"></status>
</kw>
<kw name="${i} = 6" type="foritem">
<kw name="Get Text" library="SeleniumLibrary">
<doc>Returns the text value of the element identified by ``locator``.</doc>
<arguments>
<arg>xpath:(//a)[${i}]</arg>
</arguments>
<assign>
<var>${linktext}</var>
</assign>
<msg timestamp="20201122 20:12:33.654" level="INFO">${linktext} = </msg>
<status status="PASS" starttime="20201122 20:12:33.510" endtime="20201122 20:12:33.655"></status>
</kw>
<kw name="Log To Console" library="BuiltIn">
<doc>Logs the given message to the console.</doc>
<arguments>
<arg>${linktext}</arg>
</arguments>
<status status="PASS" starttime="20201122 20:12:33.655" endtime="20201122 20:12:33.656"></status>
</kw>
<status status="PASS" starttime="20201122 20:12:33.509" endtime="20201122 20:12:33.656"></status>
</kw>
<kw name="${i} = 7" type="foritem">
<kw name="Get Text" library="SeleniumLibrary">
<doc>Returns the text value of the element identified by ``locator``.</doc>
<arguments>
<arg>xpath:(//a)[${i}]</arg>
</arguments>
<assign>
<var>${linktext}</var>
</assign>
<msg timestamp="20201122 20:12:33.776" level="INFO">${linktext} = </msg>
<status status="PASS" starttime="20201122 20:12:33.658" endtime="20201122 20:12:33.776"></status>
</kw>
<kw name="Log To Console" library="BuiltIn">
<doc>Logs the given message to the console.</doc>
<arguments>
<arg>${linktext}</arg>
</arguments>
<status status="PASS" starttime="20201122 20:12:33.776" endtime="20201122 20:12:33.777"></status>
</kw>
<status status="PASS" starttime="20201122 20:12:33.656" endtime="20201122 20:12:33.779"></status>
</kw>
<kw name="${i} = 8" type="foritem">
<kw name="Get Text" library="SeleniumLibrary">
<doc>Returns the text value of the element identified by ``locator``.</doc>
<arguments>
<arg>xpath:(//a)[${i}]</arg>
</arguments>
<assign>
<var>${linktext}</var>
</assign>
<msg timestamp="20201122 20:12:33.845" level="INFO">${linktext} = </msg>
<status status="PASS" starttime="20201122 20:12:33.780" endtime="20201122 20:12:33.845"></status>
</kw>
<kw name="Log To Console" library="BuiltIn">
<doc>Logs the given message to the console.</doc>
<arguments>
<arg>${linktext}</arg>
</arguments>
<status status="PASS" starttime="20201122 20:12:33.849" endtime="20201122 20:12:33.850"></status>
</kw>
<status status="PASS" starttime="20201122 20:12:33.780" endtime="20201122 20:12:33.850"></status>
</kw>
<kw name="${i} = 9" type="foritem">
<kw name="Get Text" library="SeleniumLibrary">
<doc>Returns the text value of the element identified by ``locator``.</doc>
<arguments>
<arg>xpath:(//a)[${i}]</arg>
</arguments>
<assign>
<var>${linktext}</var>
</assign>
<msg timestamp="20201122 20:12:33.956" level="INFO">${linktext} = </msg>
<status status="PASS" starttime="20201122 20:12:33.850" endtime="20201122 20:12:33.956"></status>
</kw>
<kw name="Log To Console" library="BuiltIn">
<doc>Logs the given message to the console.</doc>
<arguments>
<arg>${linktext}</arg>
</arguments>
<status status="PASS" starttime="20201122 20:12:33.957" endtime="20201122 20:12:33.958"></status>
</kw>
<status status="PASS" starttime="20201122 20:12:33.850" endtime="20201122 20:12:33.958"></status>
</kw>
<kw name="${i} = 10" type="foritem">
<kw name="Get Text" library="SeleniumLibrary">
<doc>Returns the text value of the element identified by ``locator``.</doc>
<arguments>
<arg>xpath:(//a)[${i}]</arg>
</arguments>
<assign>
<var>${linktext}</var>
</assign>
<msg timestamp="20201122 20:12:34.100" level="INFO">${linktext} = </msg>
<status status="PASS" starttime="20201122 20:12:33.959" endtime="20201122 20:12:34.100"></status>
</kw>
<kw name="Log To Console" library="BuiltIn">
<doc>Logs the given message to the console.</doc>
<arguments>
<arg>${linktext}</arg>
</arguments>
<status status="PASS" starttime="20201122 20:12:34.101" endtime="20201122 20:12:34.101"></status>
</kw>
<status status="PASS" starttime="20201122 20:12:33.959" endtime="20201122 20:12:34.101"></status>
</kw>
<kw name="${i} = 11" type="foritem">
<kw name="Get Text" library="SeleniumLibrary">
<doc>Returns the text value of the element identified by ``locator``.</doc>
<arguments>
<arg>xpath:(//a)[${i}]</arg>
</arguments>
<assign>
<var>${linktext}</var>
</assign>
<msg timestamp="20201122 20:12:34.158" level="INFO">${linktext} = </msg>
<status status="PASS" starttime="20201122 20:12:34.102" endtime="20201122 20:12:34.158"></status>
</kw>
<kw name="Log To Console" library="BuiltIn">
<doc>Logs the given message to the console.</doc>
<arguments>
<arg>${linktext}</arg>
</arguments>
<status status="PASS" starttime="20201122 20:12:34.158" endtime="20201122 20:12:34.159"></status>
</kw>
<status status="PASS" starttime="20201122 20:12:34.102" endtime="20201122 20:12:34.159"></status>
</kw>
<kw name="${i} = 12" type="foritem">
<kw name="Get Text" library="SeleniumLibrary">
<doc>Returns the text value of the element identified by ``locator``.</doc>
<arguments>
<arg>xpath:(//a)[${i}]</arg>
</arguments>
<assign>
<var>${linktext}</var>
</assign>
<msg timestamp="20201122 20:12:34.243" level="INFO">${linktext} = </msg>
<status status="PASS" starttime="20201122 20:12:34.159" endtime="20201122 20:12:34.243"></status>
</kw>
<kw name="Log To Console" library="BuiltIn">
<doc>Logs the given message to the console.</doc>
<arguments>
<arg>${linktext}</arg>
</arguments>
<status status="PASS" starttime="20201122 20:12:34.243" endtime="20201122 20:12:34.245"></status>
</kw>
<status status="PASS" starttime="20201122 20:12:34.159" endtime="20201122 20:12:34.245"></status>
</kw>
<kw name="${i} = 13" type="foritem">
<kw name="Get Text" library="SeleniumLibrary">
<doc>Returns the text value of the element identified by ``locator``.</doc>
<arguments>
<arg>xpath:(//a)[${i}]</arg>
</arguments>
<assign>
<var>${linktext}</var>
</assign>
<msg timestamp="20201122 20:12:34.354" level="INFO">${linktext} = </msg>
<status status="PASS" starttime="20201122 20:12:34.246" endtime="20201122 20:12:34.354"></status>
</kw>
<kw name="Log To Console" library="BuiltIn">
<doc>Logs the given message to the console.</doc>
<arguments>
<arg>${linktext}</arg>
</arguments>
<status status="PASS" starttime="20201122 20:12:34.354" endtime="20201122 20:12:34.355"></status>
</kw>
<status status="PASS" starttime="20201122 20:12:34.246" endtime="20201122 20:12:34.355"></status>
</kw>
<kw name="${i} = 14" type="foritem">
<kw name="Get Text" library="SeleniumLibrary">
<doc>Returns the text value of the element identified by ``locator``.</doc>
<arguments>
<arg>xpath:(//a)[${i}]</arg>
</arguments>
<assign>
<var>${linktext}</var>
</assign>
<msg timestamp="20201122 20:12:34.421" level="INFO">${linktext} = </msg>
<status status="PASS" starttime="20201122 20:12:34.355" endtime="20201122 20:12:34.421"></status>
</kw>
<kw name="Log To Console" library="BuiltIn">
<doc>Logs the given message to the console.</doc>
<arguments>
<arg>${linktext}</arg>
</arguments>
<status status="PASS" starttime="20201122 20:12:34.421" endtime="20201122 20:12:34.422"></status>
</kw>
<status status="PASS" starttime="20201122 20:12:34.355" endtime="20201122 20:12:34.422"></status>
</kw>
<kw name="${i} = 15" type="foritem">
<kw name="Get Text" library="SeleniumLibrary">
<doc>Returns the text value of the element identified by ``locator``.</doc>
<arguments>
<arg>xpath:(//a)[${i}]</arg>
</arguments>
<assign>
<var>${linktext}</var>
</assign>
<msg timestamp="20201122 20:12:34.522" level="INFO">${linktext} = </msg>
<status status="PASS" starttime="20201122 20:12:34.422" endtime="20201122 20:12:34.522"></status>
</kw>
<kw name="Log To Console" library="BuiltIn">
<doc>Logs the given message to the console.</doc>
<arguments>
<arg>${linktext}</arg>
</arguments>
<status status="PASS" starttime="20201122 20:12:34.522" endtime="20201122 20:12:34.523"></status>
</kw>
<status status="PASS" starttime="20201122 20:12:34.422" endtime="20201122 20:12:34.523"></status>
</kw>
<kw name="${i} = 16" type="foritem">
<kw name="Get Text" library="SeleniumLibrary">
<doc>Returns the text value of the element identified by ``locator``.</doc>
<arguments>
<arg>xpath:(//a)[${i}]</arg>
</arguments>
<assign>
<var>${linktext}</var>
</assign>
<msg timestamp="20201122 20:12:34.639" level="INFO">${linktext} = </msg>
<status status="PASS" starttime="20201122 20:12:34.524" endtime="20201122 20:12:34.639"></status>
</kw>
<kw name="Log To Console" library="BuiltIn">
<doc>Logs the given message to the console.</doc>
<arguments>
<arg>${linktext}</arg>
</arguments>
<status status="PASS" starttime="20201122 20:12:34.639" endtime="20201122 20:12:34.640"></status>
</kw>
<status status="PASS" starttime="20201122 20:12:34.523" endtime="20201122 20:12:34.640"></status>
</kw>
<kw name="${i} = 17" type="foritem">
<kw name="Get Text" library="SeleniumLibrary">
<doc>Returns the text value of the element identified by ``locator``.</doc>
<arguments>
<arg>xpath:(//a)[${i}]</arg>
</arguments>
<assign>
<var>${linktext}</var>
</assign>
<msg timestamp="20201122 20:12:34.728" level="INFO">${linktext} = </msg>
<status status="PASS" starttime="20201122 20:12:34.641" endtime="20201122 20:12:34.728"></status>
</kw>
<kw name="Log To Console" library="BuiltIn">
<doc>Logs the given message to the console.</doc>
<arguments>
<arg>${linktext}</arg>
</arguments>
<status status="PASS" starttime="20201122 20:12:34.728" endtime="20201122 20:12:34.729"></status>
</kw>
<status status="PASS" starttime="20201122 20:12:34.641" endtime="20201122 20:12:34.730"></status>
</kw>
<kw name="${i} = 18" type="foritem">
<kw name="Get Text" library="SeleniumLibrary">
<doc>Returns the text value of the element identified by ``locator``.</doc>
<arguments>
<arg>xpath:(//a)[${i}]</arg>
</arguments>
<assign>
<var>${linktext}</var>
</assign>
<msg timestamp="20201122 20:12:34.803" level="INFO">${linktext} = </msg>
<status status="PASS" starttime="20201122 20:12:34.730" endtime="20201122 20:12:34.803"></status>
</kw>
<kw name="Log To Console" library="BuiltIn">
<doc>Logs the given message to the console.</doc>
<arguments>
<arg>${linktext}</arg>
</arguments>
<status status="PASS" starttime="20201122 20:12:34.803" endtime="20201122 20:12:34.805"></status>
</kw>
<status status="PASS" starttime="20201122 20:12:34.730" endtime="20201122 20:12:34.805"></status>
</kw>
<kw name="${i} = 19" type="foritem">
<kw name="Get Text" library="SeleniumLibrary">
<doc>Returns the text value of the element identified by ``locator``.</doc>
<arguments>
<arg>xpath:(//a)[${i}]</arg>
</arguments>
<assign>
<var>${linktext}</var>
</assign>
<msg timestamp="20201122 20:12:34.888" level="INFO">${linktext} = </msg>
<status status="PASS" starttime="20201122 20:12:34.805" endtime="20201122 20:12:34.888"></status>
</kw>
<kw name="Log To Console" library="BuiltIn">
<doc>Logs the given message to the console.</doc>
<arguments>
<arg>${linktext}</arg>
</arguments>
<status status="PASS" starttime="20201122 20:12:34.888" endtime="20201122 20:12:34.889"></status>
</kw>
<status status="PASS" starttime="20201122 20:12:34.805" endtime="20201122 20:12:34.889"></status>
</kw>
<kw name="${i} = 20" type="foritem">
<kw name="Get Text" library="SeleniumLibrary">
<doc>Returns the text value of the element identified by ``locator``.</doc>
<arguments>
<arg>xpath:(//a)[${i}]</arg>
</arguments>
<assign>
<var>${linktext}</var>
</assign>
<msg timestamp="20201122 20:12:34.982" level="INFO">${linktext} = </msg>
<status status="PASS" starttime="20201122 20:12:34.890" endtime="20201122 20:12:34.982"></status>
</kw>
<kw name="Log To Console" library="BuiltIn">
<doc>Logs the given message to the console.</doc>
<arguments>
<arg>${linktext}</arg>
</arguments>
<status status="PASS" starttime="20201122 20:12:34.982" endtime="20201122 20:12:34.983"></status>
</kw>
<status status="PASS" starttime="20201122 20:12:34.889" endtime="20201122 20:12:34.983"></status>
</kw>
<kw name="${i} = 21" type="foritem">
<kw name="Get Text" library="SeleniumLibrary">
<doc>Returns the text value of the element identified by ``locator``.</doc>
<arguments>
<arg>xpath:(//a)[${i}]</arg>
</arguments>
<assign>
<var>${linktext}</var>
</assign>
<msg timestamp="20201122 20:12:35.071" level="INFO">${linktext} = </msg>
<status status="PASS" starttime="20201122 20:12:34.984" endtime="20201122 20:12:35.071"></status>
</kw>
<kw name="Log To Console" library="BuiltIn">
<doc>Logs the given message to the console.</doc>
<arguments>
<arg>${linktext}</arg>
</arguments>
<status status="PASS" starttime="20201122 20:12:35.071" endtime="20201122 20:12:35.072"></status>
</kw>
<status status="PASS" starttime="20201122 20:12:34.983" endtime="20201122 20:12:35.072"></status>
</kw>
<kw name="${i} = 22" type="foritem">
<kw name="Get Text" library="SeleniumLibrary">
<doc>Returns the text value of the element identified by ``locator``.</doc>
<arguments>
<arg>xpath:(//a)[${i}]</arg>
</arguments>
<assign>
<var>${linktext}</var>
</assign>
<msg timestamp="20201122 20:12:35.141" level="INFO">${linktext} = </msg>
<status status="PASS" starttime="20201122 20:12:35.073" endtime="20201122 20:12:35.141"></status>
</kw>
<kw name="Log To Console" library="BuiltIn">
<doc>Logs the given message to the console.</doc>
<arguments>
<arg>${linktext}</arg>
</arguments>
<status status="PASS" starttime="20201122 20:12:35.141" endtime="20201122 20:12:35.142"></status>
</kw>
<status status="PASS" starttime="20201122 20:12:35.073" endtime="20201122 20:12:35.142"></status>
</kw>
<kw name="${i} = 23" type="foritem">
<kw name="Get Text" library="SeleniumLibrary">
<doc>Returns the text value of the element identified by ``locator``.</doc>
<arguments>
<arg>xpath:(//a)[${i}]</arg>
</arguments>
<assign>
<var>${linktext}</var>
</assign>
<msg timestamp="20201122 20:12:35.223" level="INFO">${linktext} = </msg>
<status status="PASS" starttime="20201122 20:12:35.143" endtime="20201122 20:12:35.223"></status>
</kw>
<kw name="Log To Console" library="BuiltIn">
<doc>Logs the given message to the console.</doc>
<arguments>
<arg>${linktext}</arg>
</arguments>
<status status="PASS" starttime="20201122 20:12:35.223" endtime="20201122 20:12:35.224"></status>
</kw>
<status status="PASS" starttime="20201122 20:12:35.143" endtime="20201122 20:12:35.224"></status>
</kw>
<kw name="${i} = 24" type="foritem">
<kw name="Get Text" library="SeleniumLibrary">
<doc>Returns the text value of the element identified by ``locator``.</doc>
<arguments>
<arg>xpath:(//a)[${i}]</arg>
</arguments>
<assign>
<var>${linktext}</var>
</assign>
<msg timestamp="20201122 20:12:35.293" level="INFO">${linktext} = Insurance Project</msg>
<status status="PASS" starttime="20201122 20:12:35.225" endtime="20201122 20:12:35.293"></status>
</kw>
<kw name="Log To Console" library="BuiltIn">
<doc>Logs the given message to the console.</doc>
<arguments>
<arg>${linktext}</arg>
</arguments>
<status status="PASS" starttime="20201122 20:12:35.295" endtime="20201122 20:12:35.296"></status>
</kw>
<status status="PASS" starttime="20201122 20:12:35.224" endtime="20201122 20:12:35.296"></status>
</kw>
<kw name="${i} = 25" type="foritem">
<kw name="Get Text" library="SeleniumLibrary">
<doc>Returns the text value of the element identified by ``locator``.</doc>
<arguments>
<arg>xpath:(//a)[${i}]</arg>
</arguments>
<assign>
<var>${linktext}</var>
</assign>
<msg timestamp="20201122 20:12:35.382" level="INFO">${linktext} = Agile Project</msg>
<status status="PASS" starttime="20201122 20:12:35.297" endtime="20201122 20:12:35.383"></status>
</kw>
<kw name="Log To Console" library="BuiltIn">
<doc>Logs the given message to the console.</doc>
<arguments>
<arg>${linktext}</arg>
</arguments>
<status status="PASS" starttime="20201122 20:12:35.383" endtime="20201122 20:12:35.384"></status>
</kw>
<status status="PASS" starttime="20201122 20:12:35.296" endtime="20201122 20:12:35.384"></status>
</kw>
<kw name="${i} = 26" type="foritem">
<kw name="Get Text" library="SeleniumLibrary">
<doc>Returns the text value of the element identified by ``locator``.</doc>
<arguments>
<arg>xpath:(//a)[${i}]</arg>
</arguments>
<assign>
<var>${linktext}</var>
</assign>
<msg timestamp="20201122 20:12:35.457" level="INFO">${linktext} = Bank Project</msg>
<status status="PASS" starttime="20201122 20:12:35.384" endtime="20201122 20:12:35.457"></status>
</kw>
<kw name="Log To Console" library="BuiltIn">
<doc>Logs the given message to the console.</doc>
<arguments>
<arg>${linktext}</arg>
</arguments>
<status status="PASS" starttime="20201122 20:12:35.457" endtime="20201122 20:12:35.458"></status>
</kw>
<status status="PASS" starttime="20201122 20:12:35.384" endtime="20201122 20:12:35.458"></status>
</kw>
<kw name="${i} = 27" type="foritem">
<kw name="Get Text" library="SeleniumLibrary">
<doc>Returns the text value of the element identified by ``locator``.</doc>
<arguments>
<arg>xpath:(//a)[${i}]</arg>
</arguments>
<assign>
<var>${linktext}</var>
</assign>
<msg timestamp="20201122 20:12:35.533" level="INFO">${linktext} = Security Project</msg>
<status status="PASS" starttime="20201122 20:12:35.459" endtime="20201122 20:12:35.533"></status>
</kw>
<kw name="Log To Console" library="BuiltIn">
<doc>Logs the given message to the console.</doc>
<arguments>
<arg>${linktext}</arg>
</arguments>
<status status="PASS" starttime="20201122 20:12:35.534" endtime="20201122 20:12:35.535"></status>
</kw>
<status status="PASS" starttime="20201122 20:12:35.459" endtime="20201122 20:12:35.535"></status>
</kw>
<kw name="${i} = 28" type="foritem">
<kw name="Get Text" library="SeleniumLibrary">
<doc>Returns the text value of the element identified by ``locator``.</doc>
<arguments>
<arg>xpath:(//a)[${i}]</arg>
</arguments>
<assign>
<var>${linktext}</var>
</assign>
<msg timestamp="20201122 20:12:35.607" level="INFO">${linktext} = Telecom Project</msg>
<status status="PASS" starttime="20201122 20:12:35.535" endtime="20201122 20:12:35.607"></status>
</kw>
<kw name="Log To Console" library="BuiltIn">
<doc>Logs the given message to the console.</doc>
<arguments>
<arg>${linktext}</arg>
</arguments>
<status status="PASS" starttime="20201122 20:12:35.607" endtime="20201122 20:12:35.608"></status>
</kw>
<status status="PASS" starttime="20201122 20:12:35.535" endtime="20201122 20:12:35.608"></status>
</kw>
<kw name="${i} = 29" type="foritem">
<kw name="Get Text" library="SeleniumLibrary">
<doc>Returns the text value of the element identified by ``locator``.</doc>
<arguments>
<arg>xpath:(//a)[${i}]</arg>
</arguments>
<assign>
<var>${linktext}</var>
</assign>
<msg timestamp="20201122 20:12:35.676" level="INFO">${linktext} = Payment Gateway Project</msg>
<status status="PASS" starttime="20201122 20:12:35.609" endtime="20201122 20:12:35.676"></status>
</kw>
<kw name="Log To Console" library="BuiltIn">
<doc>Logs the given message to the console.</doc>
<arguments>
<arg>${linktext}</arg>
</arguments>
<status status="PASS" starttime="20201122 20:12:35.677" endtime="20201122 20:12:35.678"></status>
</kw>
<status status="PASS" starttime="20201122 20:12:35.609" endtime="20201122 20:12:35.678"></status>
</kw>
<kw name="${i} = 30" type="foritem">
<kw name="Get Text" library="SeleniumLibrary">
<doc>Returns the text value of the element identified by ``locator``.</doc>
<arguments>
<arg>xpath:(//a)[${i}]</arg>
</arguments>
<assign>
<var>${linktext}</var>
</assign>
<msg timestamp="20201122 20:12:35.750" level="INFO">${linktext} = New Tours</msg>
<status status="PASS" starttime="20201122 20:12:35.679" endtime="20201122 20:12:35.750"></status>
</kw>
<kw name="Log To Console" library="BuiltIn">
<doc>Logs the given message to the console.</doc>
<arguments>
<arg>${linktext}</arg>
</arguments>
<status status="PASS" starttime="20201122 20:12:35.751" endtime="20201122 20:12:35.752"></status>
</kw>
<status status="PASS" starttime="20201122 20:12:35.679" endtime="20201122 20:12:35.752"></status>
</kw>
<kw name="${i} = 31" type="foritem">
<kw name="Get Text" library="SeleniumLibrary">
<doc>Returns the text value of the element identified by ``locator``.</doc>
<arguments>
<arg>xpath:(//a)[${i}]</arg>
</arguments>
<assign>
<var>${linktext}</var>
</assign>
<msg timestamp="20201122 20:12:35.827" level="INFO">${linktext} = SEO</msg>
<status status="PASS" starttime="20201122 20:12:35.752" endtime="20201122 20:12:35.827"></status>
</kw>
<kw name="Log To Console" library="BuiltIn">
<doc>Logs the given message to the console.</doc>
<arguments>
<arg>${linktext}</arg>
</arguments>
<status status="PASS" starttime="20201122 20:12:35.828" endtime="20201122 20:12:35.829"></status>
</kw>
<status status="PASS" starttime="20201122 20:12:35.752" endtime="20201122 20:12:35.829"></status>
</kw>
<kw name="${i} = 32" type="foritem">
<kw name="Get Text" library="SeleniumLibrary">
<doc>Returns the text value of the element identified by ``locator``.</doc>
<arguments>
<arg>xpath:(//a)[${i}]</arg>
</arguments>
<assign>
<var>${linktext}</var>
</assign>
<msg timestamp="20201122 20:12:35.891" level="INFO">${linktext} = </msg>
<status status="PASS" starttime="20201122 20:12:35.830" endtime="20201122 20:12:35.891"></status>
</kw>
<kw name="Log To Console" library="BuiltIn">
<doc>Logs the given message to the console.</doc>
<arguments>
<arg>${linktext}</arg>
</arguments>
<status status="PASS" starttime="20201122 20:12:35.891" endtime="20201122 20:12:35.892"></status>
</kw>
<status status="PASS" starttime="20201122 20:12:35.829" endtime="20201122 20:12:35.892"></status>
</kw>
<kw name="${i} = 33" type="foritem">
<kw name="Get Text" library="SeleniumLibrary">
<doc>Returns the text value of the element identified by ``locator``.</doc>
<arguments>
<arg>xpath:(//a)[${i}]</arg>
</arguments>
<assign>
<var>${linktext}</var>
</assign>
<msg timestamp="20201122 20:12:35.993" level="INFO">${linktext} = </msg>
<status status="PASS" starttime="20201122 20:12:35.893" endtime="20201122 20:12:35.993"></status>
</kw>
<kw name="Log To Console" library="BuiltIn">
<doc>Logs the given message to the console.</doc>
<arguments>
<arg>${linktext}</arg>
</arguments>
<status status="PASS" starttime="20201122 20:12:35.994" endtime="20201122 20:12:35.995"></status>
</kw>
<status status="PASS" starttime="20201122 20:12:35.892" endtime="20201122 20:12:35.995"></status>
</kw>
<kw name="${i} = 34" type="foritem">
<kw name="Get Text" library="SeleniumLibrary">
<doc>Returns the text value of the element identified by ``locator``.</doc>
<arguments>
<arg>xpath:(//a)[${i}]</arg>
</arguments>
<assign>
<var>${linktext}</var>
</assign>
<msg timestamp="20201122 20:12:36.056" level="INFO">${linktext} = </msg>
<status status="PASS" starttime="20201122 20:12:35.996" endtime="20201122 20:12:36.056"></status>
</kw>
<kw name="Log To Console" library="BuiltIn">
<doc>Logs the given message to the console.</doc>
<arguments>
<arg>${linktext}</arg>
</arguments>
<status status="PASS" starttime="20201122 20:12:36.057" endtime="20201122 20:12:36.057"></status>
</kw>
<status status="PASS" starttime="20201122 20:12:35.996" endtime="20201122 20:12:36.058"></status>
</kw>
<kw name="${i} = 35" type="foritem">
<kw name="Get Text" library="SeleniumLibrary">
<doc>Returns the text value of the element identified by ``locator``.</doc>
<arguments>
<arg>xpath:(//a)[${i}]</arg>
</arguments>
<assign>
<var>${linktext}</var>
</assign>
<msg timestamp="20201122 20:12:36.132" level="INFO">${linktext} = </msg>
<status status="PASS" starttime="20201122 20:12:36.058" endtime="20201122 20:12:36.133"></status>
</kw>
<kw name="Log To Console" library="BuiltIn">
<doc>Logs the given message to the console.</doc>
<arguments>
<arg>${linktext}</arg>
</arguments>
<status status="PASS" starttime="20201122 20:12:36.133" endtime="20201122 20:12:36.133"></status>
</kw>
<status status="PASS" starttime="20201122 20:12:36.058" endtime="20201122 20:12:36.134"></status>
</kw>
<kw name="${i} = 36" type="foritem">
<kw name="Get Text" library="SeleniumLibrary">
<doc>Returns the text value of the element identified by ``locator``.</doc>
<arguments>
<arg>xpath:(//a)[${i}]</arg>
</arguments>
<assign>
<var>${linktext}</var>
</assign>
<msg timestamp="20201122 20:12:36.277" level="INFO">${linktext} = </msg>
<status status="PASS" starttime="20201122 20:12:36.134" endtime="20201122 20:12:36.277"></status>
</kw>
<kw name="Log To Console" library="BuiltIn">
<doc>Logs the given message to the console.</doc>
<arguments>
<arg>${linktext}</arg>
</arguments>
<status status="PASS" starttime="20201122 20:12:36.279" endtime="20201122 20:12:36.281"></status>
</kw>
<status status="PASS" starttime="20201122 20:12:36.134" endtime="20201122 20:12:36.281"></status>
</kw>
<kw name="${i} = 37" type="foritem">
<kw name="Get Text" library="SeleniumLibrary">
<doc>Returns the text value of the element identified by ``locator``.</doc>
<arguments>
<arg>xpath:(//a)[${i}]</arg>
</arguments>
<assign>
<var>${linktext}</var>
</assign>
<msg timestamp="20201122 20:12:36.342" level="INFO">${linktext} = </msg>
<status status="PASS" starttime="20201122 20:12:36.281" endtime="20201122 20:12:36.342"></status>
</kw>
<kw name="Log To Console" library="BuiltIn">
<doc>Logs the given message to the console.</doc>
<arguments>
<arg>${linktext}</arg>
</arguments>
<status status="PASS" starttime="20201122 20:12:36.343" endtime="20201122 20:12:36.343"></status>
</kw>
<status status="PASS" starttime="20201122 20:12:36.281" endtime="20201122 20:12:36.343"></status>
</kw>
<kw name="${i} = 38" type="foritem">
<kw name="Get Text" library="SeleniumLibrary">
<doc>Returns the text value of the element identified by ``locator``.</doc>
<arguments>
<arg>xpath:(//a)[${i}]</arg>
</arguments>
<assign>
<var>${linktext}</var>
</assign>
<msg timestamp="20201122 20:12:36.416" level="INFO">${linktext} = Home</msg>
<status status="PASS" starttime="20201122 20:12:36.345" endtime="20201122 20:12:36.416"></status>
</kw>
<kw name="Log To Console" library="BuiltIn">
<doc>Logs the given message to the console.</doc>
<arguments>
<arg>${linktext}</arg>
</arguments>
<status status="PASS" starttime="20201122 20:12:36.416" endtime="20201122 20:12:36.417"></status>
</kw>
<status status="PASS" starttime="20201122 20:12:36.344" endtime="20201122 20:12:36.417"></status>
</kw>
<kw name="${i} = 39" type="foritem">
<kw name="Get Text" library="SeleniumLibrary">
<doc>Returns the text value of the element identified by ``locator``.</doc>
<arguments>
<arg>xpath:(//a)[${i}]</arg>
</arguments>
<assign>
<var>${linktext}</var>
</assign>
<msg timestamp="20201122 20:12:36.497" level="INFO">${linktext} = Flights</msg>
<status status="PASS" starttime="20201122 20:12:36.418" endtime="20201122 20:12:36.497"></status>
</kw>
<kw name="Log To Console" library="BuiltIn">
<doc>Logs the given message to the console.</doc>
<arguments>
<arg>${linktext}</arg>
</arguments>
<status status="PASS" starttime="20201122 20:12:36.498" endtime="20201122 20:12:36.498"></status>
</kw>
<status status="PASS" starttime="20201122 20:12:36.418" endtime="20201122 20:12:36.498"></status>
</kw>
<kw name="${i} = 40" type="foritem">
<kw name="Get Text" library="SeleniumLibrary">
<doc>Returns the text value of the element identified by ``locator``.</doc>
<arguments>
<arg>xpath:(//a)[${i}]</arg>
</arguments>
<assign>
<var>${linktext}</var>
</assign>
<msg timestamp="20201122 20:12:36.567" level="INFO">${linktext} = Hotels</msg>
<status status="PASS" starttime="20201122 20:12:36.499" endtime="20201122 20:12:36.567"></status>
</kw>
<kw name="Log To Console" library="BuiltIn">
<doc>Logs the given message to the console.</doc>
<arguments>
<arg>${linktext}</arg>
</arguments>
<status status="PASS" starttime="20201122 20:12:36.567" endtime="20201122 20:12:36.568"></status>
</kw>
<status status="PASS" starttime="20201122 20:12:36.499" endtime="20201122 20:12:36.568"></status>
</kw>
<kw name="${i} = 41" type="foritem">
<kw name="Get Text" library="SeleniumLibrary">
<doc>Returns the text value of the element identified by ``locator``.</doc>
<arguments>
<arg>xpath:(//a)[${i}]</arg>
</arguments>
<assign>
<var>${linktext}</var>
</assign>
<msg timestamp="20201122 20:12:36.632" level="INFO">${linktext} = Car Rentals</msg>
<status status="PASS" starttime="20201122 20:12:36.568" endtime="20201122 20:12:36.632"></status>
</kw>
<kw name="Log To Console" library="BuiltIn">
<doc>Logs the given message to the console.</doc>
<arguments>
<arg>${linktext}</arg>
</arguments>
<status status="PASS" starttime="20201122 20:12:36.632" endtime="20201122 20:12:36.633"></status>
</kw>
<status status="PASS" starttime="20201122 20:12:36.568" endtime="20201122 20:12:36.633"></status>
</kw>
<kw name="${i} = 42" type="foritem">
<kw name="Get Text" library="SeleniumLibrary">
<doc>Returns the text value of the element identified by ``locator``.</doc>
<arguments>
<arg>xpath:(//a)[${i}]</arg>
</arguments>
<assign>
<var>${linktext}</var>
</assign>
<msg timestamp="20201122 20:12:36.700" level="INFO">${linktext} = Cruises</msg>
<status status="PASS" starttime="20201122 20:12:36.634" endtime="20201122 20:12:36.700"></status>
</kw>
<kw name="Log To Console" library="BuiltIn">
<doc>Logs the given message to the console.</doc>
<arguments>
<arg>${linktext}</arg>
</arguments>
<status status="PASS" starttime="20201122 20:12:36.701" endtime="20201122 20:12:36.702"></status>
</kw>
<status status="PASS" starttime="20201122 20:12:36.634" endtime="20201122 20:12:36.702"></status>
</kw>
<kw name="${i} = 43" type="foritem">
<kw name="Get Text" library="SeleniumLibrary">
<doc>Returns the text value of the element identified by ``locator``.</doc>
<arguments>
<arg>xpath:(//a)[${i}]</arg>
</arguments>
<assign>
<var>${linktext}</var>
</assign>
<msg timestamp="20201122 20:12:36.788" level="INFO">${linktext} = Destinations</msg>
<status status="PASS" starttime="20201122 20:12:36.703" endtime="20201122 20:12:36.788"></status>
</kw>
<kw name="Log To Console" library="BuiltIn">
<doc>Logs the given message to the console.</doc>
<arguments>
<arg>${linktext}</arg>
</arguments>
<status status="PASS" starttime="20201122 20:12:36.788" endtime="20201122 20:12:36.789"></status>
</kw>
<status status="PASS" starttime="20201122 20:12:36.702" endtime="20201122 20:12:36.789"></status>
</kw>
<kw name="${i} = 44" type="foritem">
<kw name="Get Text" library="SeleniumLibrary">
<doc>Returns the text value of the element identified by ``locator``.</doc>
<arguments>
<arg>xpath:(//a)[${i}]</arg>
</arguments>
<assign>
<var>${linktext}</var>
</assign>
<msg timestamp="20201122 20:12:36.954" level="INFO">${linktext} = Vacations</msg>
<status status="PASS" starttime="20201122 20:12:36.790" endtime="20201122 20:12:36.954"></status>
</kw>
<kw name="Log To Console" library="BuiltIn">
<doc>Logs the given message to the console.</doc>
<arguments>
<arg>${linktext}</arg>
</arguments>
<status status="PASS" starttime="20201122 20:12:36.954" endtime="20201122 20:12:36.955"></status>
</kw>
<status status="PASS" starttime="20201122 20:12:36.790" endtime="20201122 20:12:36.955"></status>
</kw>
<kw name="${i} = 45" type="foritem">
<kw name="Get Text" library="SeleniumLibrary">
<doc>Returns the text value of the element identified by ``locator``.</doc>
<arguments>
<arg>xpath:(//a)[${i}]</arg>
</arguments>
<assign>
<var>${linktext}</var>
</assign>
<msg timestamp="20201122 20:12:37.086" level="INFO">${linktext} = SIGN-ON</msg>
<status status="PASS" starttime="20201122 20:12:36.956" endtime="20201122 20:12:37.086"></status>
</kw>
<kw name="Log To Console" library="BuiltIn">
<doc>Logs the given message to the console.</doc>
<arguments>
<arg>${linktext}</arg>
</arguments>
<status status="PASS" starttime="20201122 20:12:37.086" endtime="20201122 20:12:37.087"></status>
</kw>
<status status="PASS" starttime="20201122 20:12:36.955" endtime="20201122 20:12:37.087"></status>
</kw>
<kw name="${i} = 46" type="foritem">
<kw name="Get Text" library="SeleniumLibrary">
<doc>Returns the text value of the element identified by ``locator``.</doc>
<arguments>
<arg>xpath:(//a)[${i}]</arg>
</arguments>
<assign>
<var>${linktext}</var>
</assign>
<msg timestamp="20201122 20:12:37.194" level="INFO">${linktext} = REGISTER</msg>
<status status="PASS" starttime="20201122 20:12:37.087" endtime="20201122 20:12:37.195"></status>
</kw>
<kw name="Log To Console" library="BuiltIn">
<doc>Logs the given message to the console.</doc>
<arguments>
<arg>${linktext}</arg>
</arguments>
<status status="PASS" starttime="20201122 20:12:37.195" endtime="20201122 20:12:37.196"></status>
</kw>
<status status="PASS" starttime="20201122 20:12:37.087" endtime="20201122 20:12:37.196"></status>
</kw>
<kw name="${i} = 47" type="foritem">
<kw name="Get Text" library="SeleniumLibrary">
<doc>Returns the text value of the element identified by ``locator``.</doc>
<arguments>
<arg>xpath:(//a)[${i}]</arg>
</arguments>
<assign>
<var>${linktext}</var>
</assign>
<msg timestamp="20201122 20:12:37.272" level="INFO">${linktext} = SUPPORT</msg>
<status status="PASS" starttime="20201122 20:12:37.197" endtime="20201122 20:12:37.272"></status>
</kw>
<kw name="Log To Console" library="BuiltIn">
<doc>Logs the given message to the console.</doc>
<arguments>
<arg>${linktext}</arg>
</arguments>
<status status="PASS" starttime="20201122 20:12:37.273" endtime="20201122 20:12:37.273"></status>
</kw>
<status status="PASS" starttime="20201122 20:12:37.197" endtime="20201122 20:12:37.273"></status>
</kw>
<kw name="${i} = 48" type="foritem">
<kw name="Get Text" library="SeleniumLibrary">
<doc>Returns the text value of the element identified by ``locator``.</doc>
<arguments>
<arg>xpath:(//a)[${i}]</arg>
</arguments>
<assign>
<var>${linktext}</var>
</assign>
<msg timestamp="20201122 20:12:37.343" level="INFO">${linktext} = CONTACT</msg>
<status status="PASS" starttime="20201122 20:12:37.274" endtime="20201122 20:12:37.344"></status>
</kw>
<kw name="Log To Console" library="BuiltIn">
<doc>Logs the given message to the console.</doc>
<arguments>
<arg>${linktext}</arg>
</arguments>
<status status="PASS" starttime="20201122 20:12:37.344" endtime="20201122 20:12:37.345"></status>
</kw>
<status status="PASS" starttime="20201122 20:12:37.274" endtime="20201122 20:12:37.346"></status>
</kw>
<kw name="${i} = 49" type="foritem">
<kw name="Get Text" library="SeleniumLibrary">
<doc>Returns the text value of the element identified by ``locator``.</doc>
<arguments>
<arg>xpath:(//a)[${i}]</arg>
</arguments>
<assign>
<var>${linktext}</var>
</assign>
<msg timestamp="20201122 20:12:37.420" level="INFO">${linktext} = your destination</msg>
<status status="PASS" starttime="20201122 20:12:37.346" endtime="20201122 20:12:37.420"></status>
</kw>
<kw name="Log To Console" library="BuiltIn">
<doc>Logs the given message to the console.</doc>
<arguments>
<arg>${linktext}</arg>
</arguments>
<status status="PASS" starttime="20201122 20:12:37.420" endtime="20201122 20:12:37.421"></status>
</kw>
<status status="PASS" starttime="20201122 20:12:37.346" endtime="20201122 20:12:37.421"></status>
</kw>
<kw name="${i} = 50" type="foritem">
<kw name="Get Text" library="SeleniumLibrary">
<doc>Returns the text value of the element identified by ``locator``.</doc>
<arguments>
<arg>xpath:(//a)[${i}]</arg>
</arguments>
<assign>
<var>${linktext}</var>
</assign>
<msg timestamp="20201122 20:12:37.518" level="INFO">${linktext} = featured vacation destinations</msg>
<status status="PASS" starttime="20201122 20:12:37.422" endtime="20201122 20:12:37.518"></status>
</kw>
<kw name="Log To Console" library="BuiltIn">
<doc>Logs the given message to the console.</doc>
<arguments>
<arg>${linktext}</arg>
</arguments>
<status status="PASS" starttime="20201122 20:12:37.518" endtime="20201122 20:12:37.520"></status>
</kw>
<status status="PASS" starttime="20201122 20:12:37.421" endtime="20201122 20:12:37.520"></status>
</kw>
<kw name="${i} = 51" type="foritem">
<kw name="Get Text" library="SeleniumLibrary">
<doc>Returns the text value of the element identified by ``locator``.</doc>
<arguments>
<arg>xpath:(//a)[${i}]</arg>
</arguments>
<assign>
<var>${linktext}</var>
</assign>
<msg timestamp="20201122 20:12:37.702" level="INFO">${linktext} = Register here</msg>
<status status="PASS" starttime="20201122 20:12:37.521" endtime="20201122 20:12:37.702"></status>
</kw>
<kw name="Log To Console" library="BuiltIn">
<doc>Logs the given message to the console.</doc>
<arguments>
<arg>${linktext}</arg>
</arguments>
<status status="PASS" starttime="20201122 20:12:37.703" endtime="20201122 20:12:37.703"></status>
</kw>
<status status="PASS" starttime="20201122 20:12:37.520" endtime="20201122 20:12:37.704"></status>
</kw>
<kw name="${i} = 52" type="foritem">
<kw name="Get Text" library="SeleniumLibrary">
<doc>Returns the text value of the element identified by ``locator``.</doc>
<arguments>
<arg>xpath:(//a)[${i}]</arg>
</arguments>
<assign>
<var>${linktext}</var>
</assign>
<msg timestamp="20201122 20:12:37.935" level="INFO">${linktext} = Business Travel @ About.com</msg>
<status status="PASS" starttime="20201122 20:12:37.704" endtime="20201122 20:12:37.935"></status>
</kw>
<kw name="Log To Console" library="BuiltIn">
<doc>Logs the given message to the console.</doc>
<arguments>
<arg>${linktext}</arg>
</arguments>
<status status="PASS" starttime="20201122 20:12:37.935" endtime="20201122 20:12:37.936"></status>
</kw>
<status status="PASS" starttime="20201122 20:12:37.704" endtime="20201122 20:12:37.936"></status>
</kw>
<status status="PASS" starttime="20201122 20:12:30.243" endtime="20201122 20:12:37.936"></status>
</kw>
<status status="PASS" starttime="20201122 20:10:30.608" endtime="20201122 20:12:37.937" critical="yes"></status>
</test>
<status status="PASS" starttime="20201122 20:10:28.799" endtime="20201122 20:12:37.939"></status>
</suite>
<status status="PASS" starttime="20201122 20:10:28.637" endtime="20201122 20:12:37.942"></status>
</suite>
<statistics>
<total>
<stat pass="1" fail="0">Critical Tests</stat>
<stat pass="1" fail="0">All Tests</stat>
</total>
<tag>
</tag>
<suite>
<stat pass="1" fail="0" id="s1" name="TestCases">TestCases</stat>
<stat pass="1" fail="0" id="s1-s1" name="Links">TestCases.Links</stat>
</suite>
</statistics>
<errors>
</errors>
</robot>
