<?xml version="1.0" encoding="UTF-8"?>
<robot generator="Robot 3.2.2 (Python 3.8.5 on win32)" generated="20201122 20:14:33.317" rpa="false">
<suite id="s1" name="TestCases" source="C:\Users\Punith.Keshav\PycharmProjects\RobotFrameworkProject\TestCases">
<suite id="s1-s1" name="Tags" source="C:\Users\Punith.Keshav\PycharmProjects\RobotFrameworkProject\TestCases\Tags.robot">
<test id="s1-s1-t1" name="TC1 User Registertration Test">
<kw name="Log To Console" library="BuiltIn">
<doc>Logs the given message to the console.</doc>
<arguments>
<arg>This is User Registertration Test</arg>
</arguments>
<status status="PASS" starttime="20201122 20:14:33.415" endtime="20201122 20:14:33.416"></status>
</kw>
<kw name="Log To Console" library="BuiltIn">
<doc>Logs the given message to the console.</doc>
<arguments>
<arg>User Registertration Test is over</arg>
</arguments>
<status status="PASS" starttime="20201122 20:14:33.416" endtime="20201122 20:14:33.417"></status>
</kw>
<tags>
<tag>sanity</tag>
</tags>
<status status="PASS" starttime="20201122 20:14:33.413" endtime="20201122 20:14:33.417" critical="yes"></status>
</test>
<test id="s1-s1-t2" name="TC2 Login Test">
<kw name="Log To Console" library="BuiltIn">
<doc>Logs the given message to the console.</doc>
<arguments>
<arg>This is Login Test</arg>
</arguments>
<status status="PASS" starttime="20201122 20:14:33.420" endtime="20201122 20:14:33.420"></status>
</kw>
<kw name="Log To Console" library="BuiltIn">
<doc>Logs the given message to the console.</doc>
<arguments>
<arg>User Login Test is over</arg>
</arguments>
<status status="PASS" starttime="20201122 20:14:33.421" endtime="20201122 20:14:33.421"></status>
</kw>
<tags>
<tag>Regression</tag>
</tags>
<status status="PASS" starttime="20201122 20:14:33.418" endtime="20201122 20:14:33.422" critical="yes"></status>
</test>
<test id="s1-s1-t3" name="TC3 Change User Settings Test">
<kw name="Log To Console" library="BuiltIn">
<doc>Logs the given message to the console.</doc>
<arguments>
<arg>This is Change User Settings Test</arg>
</arguments>
<status status="PASS" starttime="20201122 20:14:33.424" endtime="20201122 20:14:33.425"></status>
</kw>
<kw name="Log To Console" library="BuiltIn">
<doc>Logs the given message to the console.</doc>
<arguments>
<arg>User Change User Settings Test is over</arg>
</arguments>
<status status="PASS" starttime="20201122 20:14:33.425" endtime="20201122 20:14:33.426"></status>
</kw>
<tags>
<tag>Regression</tag>
</tags>
<status status="PASS" starttime="20201122 20:14:33.423" endtime="20201122 20:14:33.426" critical="yes"></status>
</test>
<test id="s1-s1-t4" name="TC3 Logout Test">
<kw name="Log To Console" library="BuiltIn">
<doc>Logs the given message to the console.</doc>
<arguments>
<arg>This is Logout Test</arg>
</arguments>
<status status="PASS" starttime="20201122 20:14:33.428" endtime="20201122 20:14:33.429"></status>
</kw>
<kw name="Log To Console" library="BuiltIn">
<doc>Logs the given message to the console.</doc>
<arguments>
<arg>User Logout Test is over</arg>
</arguments>
<status status="PASS" starttime="20201122 20:14:33.429" endtime="20201122 20:14:33.430"></status>
</kw>
<tags>
<tag>sanity</tag>
</tags>
<status status="PASS" starttime="20201122 20:14:33.427" endtime="20201122 20:14:33.430" critical="yes"></status>
</test>
<status status="PASS" starttime="20201122 20:14:33.406" endtime="20201122 20:14:33.432"></status>
</suite>
<status status="PASS" starttime="20201122 20:14:33.330" endtime="20201122 20:14:33.435"></status>
</suite>
<statistics>
<total>
<stat pass="4" fail="0">Critical Tests</stat>
<stat pass="4" fail="0">All Tests</stat>
</total>
<tag>
<stat pass="2" fail="0">Regression</stat>
<stat pass="2" fail="0">sanity</stat>
</tag>
<suite>
<stat pass="4" fail="0" id="s1" name="TestCases">TestCases</stat>
<stat pass="4" fail="0" id="s1-s1" name="Tags">TestCases.Tags</stat>
</suite>
</statistics>
<errors>
</errors>
</robot>
