<?xml version="1.0" encoding="UTF-8"?>
<robot generator="Robot 3.2.2 (Python 3.8.5 on win32)" generated="20201121 12:40:39.971" rpa="false">
<suite id="s1" name="Scroll" source="C:\Users\Punith.Keshav\PycharmProjects\RobotFrameworkProject\TestCases\scroll.robot">
<test id="s1-t1" name="Scroll">
<kw name="Open Browser" library="SeleniumLibrary">
<doc>Opens a new browser instance to the optional ``url``.</doc>
<arguments>
<arg>${url}</arg>
<arg>${browser}</arg>
</arguments>
<msg timestamp="20201121 12:40:40.575" level="INFO">Opening browser 'chrome' to base url 'https://www.countries-ofthe-world.com/flags-of-the-world.html'.</msg>
<status status="PASS" starttime="20201121 12:40:40.574" endtime="20201121 12:40:49.411"></status>
</kw>
<kw name="Maximize Browser Window" library="SeleniumLibrary">
<doc>Maximizes current browser window.</doc>
<status status="PASS" starttime="20201121 12:40:49.414" endtime="20201121 12:40:53.130"></status>
</kw>
<kw name="Execute Javascript" library="SeleniumLibrary">
<doc>Executes the given JavaScript code with possible arguments.</doc>
<arguments>
<arg>window.scrollTo(0,1500)</arg>
</arguments>
<msg timestamp="20201121 12:40:53.132" level="INFO">Executing JavaScript:
window.scrollTo(0,1500)
Without any arguments.</msg>
<status status="PASS" starttime="20201121 12:40:53.131" endtime="20201121 12:40:53.169"></status>
</kw>
<kw name="Scroll Element Into View" library="SeleniumLibrary">
<doc>Scrolls the element identified by ``locator`` into view.</doc>
<arguments>
<arg>xpath://img[@alt='Flag of India']</arg>
</arguments>
<status status="PASS" starttime="20201121 12:40:53.182" endtime="20201121 12:40:53.521"></status>
</kw>
<kw name="Execute Javascript" library="SeleniumLibrary">
<doc>Executes the given JavaScript code with possible arguments.</doc>
<arguments>
<arg>window.scrollTo(0,document.body.scrollHeight)</arg>
</arguments>
<msg timestamp="20201121 12:40:53.524" level="INFO">Executing JavaScript:
window.scrollTo(0,document.body.scrollHeight)
Without any arguments.</msg>
<status status="PASS" starttime="20201121 12:40:53.522" endtime="20201121 12:40:53.544"></status>
</kw>
<kw name="Sleep" library="BuiltIn">
<doc>Pauses the test executed for the given time.</doc>
<arguments>
<arg>5</arg>
</arguments>
<msg timestamp="20201121 12:40:58.552" level="INFO">Slept 5 seconds</msg>
<status status="PASS" starttime="20201121 12:40:53.545" endtime="20201121 12:40:58.552"></status>
</kw>
<kw name="Execute Javascript" library="SeleniumLibrary">
<doc>Executes the given JavaScript code with possible arguments.</doc>
<arguments>
<arg>window.scrollTo(0,-document.body.scrollHeight)</arg>
</arguments>
<msg timestamp="20201121 12:40:58.554" level="INFO">Executing JavaScript:
window.scrollTo(0,-document.body.scrollHeight)
Without any arguments.</msg>
<status status="PASS" starttime="20201121 12:40:58.553" endtime="20201121 12:40:58.576"></status>
</kw>
<status status="PASS" starttime="20201121 12:40:40.573" endtime="20201121 12:40:58.577" critical="yes"></status>
</test>
<status status="PASS" starttime="20201121 12:40:39.975" endtime="20201121 12:40:58.587"></status>
</suite>
<statistics>
<total>
<stat pass="1" fail="0">Critical Tests</stat>
<stat pass="1" fail="0">All Tests</stat>
</total>
<tag>
</tag>
<suite>
<stat pass="1" fail="0" id="s1" name="Scroll">Scroll</stat>
</suite>
</statistics>
<errors>
</errors>
</robot>
