<?xml version="1.0" encoding="UTF-8"?>
<robot generator="Robot 3.2.2 (Python 3.8.5 on win32)" generated="20201122 20:14:49.315" rpa="false">
<suite id="s1" name="TestCases" source="C:\Users\Punith.Keshav\PycharmProjects\RobotFrameworkProject\TestCases">
<suite id="s1-s1" name="UserDefined" source="C:\Users\Punith.Keshav\PycharmProjects\RobotFrameworkProject\TestCases\UserDefined.robot">
<test id="s1-s1-t1" name="TC1">
<kw name="LaunchBrowser" library="Resources">
<arguments>
<arg>${url}</arg>
<arg>${browser}</arg>
</arguments>
<assign>
<var>${PageTitle}</var>
</assign>
<kw name="Open Browser" library="SeleniumLibrary">
<doc>Opens a new browser instance to the optional ``url``.</doc>
<arguments>
<arg>${appurl}</arg>
<arg>${appbrowser}</arg>
</arguments>
<msg timestamp="20201122 20:14:50.164" level="INFO">Opening browser 'chrome' to base url 'http://demo.guru99.com/test/newtours/index.php'.</msg>
<status status="PASS" starttime="20201122 20:14:50.163" endtime="20201122 20:14:58.293"></status>
</kw>
<kw name="Maximize Browser Window" library="SeleniumLibrary">
<doc>Maximizes current browser window.</doc>
<status status="PASS" starttime="20201122 20:14:58.293" endtime="20201122 20:15:31.676"></status>
</kw>
<kw name="Get Title" library="SeleniumLibrary">
<doc>Returns the title of the current page.</doc>
<assign>
<var>${title}</var>
</assign>
<msg timestamp="20201122 20:15:31.730" level="INFO">${title} = Welcome: Mercury Tours</msg>
<status status="PASS" starttime="20201122 20:15:31.676" endtime="20201122 20:15:31.730"></status>
</kw>
<msg timestamp="20201122 20:15:31.731" level="INFO">${PageTitle} = Welcome: Mercury Tours</msg>
<status status="PASS" starttime="20201122 20:14:50.162" endtime="20201122 20:15:31.731"></status>
</kw>
<kw name="Log To Console" library="BuiltIn">
<doc>Logs the given message to the console.</doc>
<arguments>
<arg>${PageTitle}</arg>
</arguments>
<status status="PASS" starttime="20201122 20:15:31.731" endtime="20201122 20:15:31.733"></status>
</kw>
<kw name="Log" library="BuiltIn">
<doc>Logs the given message with the given level.</doc>
<arguments>
<arg>${PageTitle}</arg>
</arguments>
<msg timestamp="20201122 20:15:31.734" level="INFO">Welcome: Mercury Tours</msg>
<status status="PASS" starttime="20201122 20:15:31.733" endtime="20201122 20:15:31.734"></status>
</kw>
<kw name="Input Text" library="SeleniumLibrary">
<doc>Types the given ``text`` into the text field identified by ``locator``.</doc>
<arguments>
<arg>name:userName</arg>
<arg>Mercury</arg>
</arguments>
<msg timestamp="20201122 20:15:31.736" level="INFO">Typing text 'Mercury' into text field 'name:userName'.</msg>
<status status="PASS" starttime="20201122 20:15:31.735" endtime="20201122 20:15:47.959"></status>
</kw>
<kw name="Input Text" library="SeleniumLibrary">
<doc>Types the given ``text`` into the text field identified by ``locator``.</doc>
<arguments>
<arg>name:password</arg>
<arg>Mercury</arg>
</arguments>
<msg timestamp="20201122 20:15:47.960" level="INFO">Typing text 'Mercury' into text field 'name:password'.</msg>
<status status="PASS" starttime="20201122 20:15:47.960" endtime="20201122 20:15:49.031"></status>
</kw>
<status status="PASS" starttime="20201122 20:14:50.160" endtime="20201122 20:15:49.031" critical="yes"></status>
</test>
<status status="PASS" starttime="20201122 20:14:49.468" endtime="20201122 20:15:49.034"></status>
</suite>
<status status="PASS" starttime="20201122 20:14:49.360" endtime="20201122 20:15:49.038"></status>
</suite>
<statistics>
<total>
<stat pass="1" fail="0">Critical Tests</stat>
<stat pass="1" fail="0">All Tests</stat>
</total>
<tag>
</tag>
<suite>
<stat pass="1" fail="0" id="s1" name="TestCases">TestCases</stat>
<stat pass="1" fail="0" id="s1-s1" name="UserDefined">TestCases.UserDefined</stat>
</suite>
</statistics>
<errors>
</errors>
</robot>
