<?xml version="1.0" encoding="UTF-8"?>
<robot generator="Robot 3.2.2 (Python 3.8.5 on win32)" generated="20201122 20:15:07.350" rpa="false">
<suite id="s1" name="TestCases" source="C:\Users\Punith.Keshav\PycharmProjects\RobotFrameworkProject\TestCases">
<suite id="s1-s1" name="dropdownListbox" source="C:\Users\Punith.Keshav\PycharmProjects\RobotFrameworkProject\TestCases\dropdownListbox.robot">
<test id="s1-s1-t1" name="Handling Drop Down">
<kw name="Open Browser" library="SeleniumLibrary">
<doc>Opens a new browser instance to the optional ``url``.</doc>
<arguments>
<arg>${url}</arg>
<arg>${browser}</arg>
</arguments>
<msg timestamp="20201122 20:15:08.191" level="INFO">Opening browser 'chrome' to base url 'http://www.practiceselenium.com/practice-form.html'.</msg>
<status status="PASS" starttime="20201122 20:15:08.191" endtime="20201122 20:15:27.475"></status>
</kw>
<kw name="Maximize Browser Window" library="SeleniumLibrary">
<doc>Maximizes current browser window.</doc>
<status status="PASS" starttime="20201122 20:15:27.476" endtime="20201122 20:15:29.969"></status>
</kw>
<kw name="Select From List By Label" library="SeleniumLibrary">
<doc>Selects options from selection list ``locator`` by ``labels``.</doc>
<arguments>
<arg>continents</arg>
<arg>Australia</arg>
</arguments>
<msg timestamp="20201122 20:15:29.970" level="INFO">Selecting options from selection list 'continents' by label Australia.</msg>
<status status="PASS" starttime="20201122 20:15:29.970" endtime="20201122 20:15:30.140"></status>
</kw>
<kw name="Sleep" library="BuiltIn">
<doc>Pauses the test executed for the given time.</doc>
<arguments>
<arg>3</arg>
</arguments>
<msg timestamp="20201122 20:15:33.141" level="INFO">Slept 3 seconds</msg>
<status status="PASS" starttime="20201122 20:15:30.141" endtime="20201122 20:15:33.142"></status>
</kw>
<kw name="Select From List By Index" library="SeleniumLibrary">
<doc>Selects options from selection list ``locator`` by ``indexes``.</doc>
<arguments>
<arg>continents</arg>
<arg>6</arg>
</arguments>
<msg timestamp="20201122 20:15:33.142" level="INFO">Selecting options from selection list 'continents' by index 6.</msg>
<status status="PASS" starttime="20201122 20:15:33.142" endtime="20201122 20:15:33.627"></status>
</kw>
<kw name="Select From List By Label" library="SeleniumLibrary">
<doc>Selects options from selection list ``locator`` by ``labels``.</doc>
<arguments>
<arg>selenium_commands</arg>
<arg>Switch Commands</arg>
</arguments>
<msg timestamp="20201122 20:15:33.628" level="INFO">Selecting options from selection list 'selenium_commands' by label Switch Commands.</msg>
<status status="PASS" starttime="20201122 20:15:33.628" endtime="20201122 20:15:34.012"></status>
</kw>
<kw name="Select From List By Label" library="SeleniumLibrary">
<doc>Selects options from selection list ``locator`` by ``labels``.</doc>
<arguments>
<arg>selenium_commands</arg>
<arg>WebElement Commands</arg>
</arguments>
<msg timestamp="20201122 20:15:34.013" level="INFO">Selecting options from selection list 'selenium_commands' by label WebElement Commands.</msg>
<status status="PASS" starttime="20201122 20:15:34.013" endtime="20201122 20:15:34.315"></status>
</kw>
<kw name="Unselect From List By Label" library="SeleniumLibrary">
<doc>Unselects options from selection list ``locator`` by ``labels``.</doc>
<arguments>
<arg>selenium_commands</arg>
<arg>Switch Commands</arg>
</arguments>
<msg timestamp="20201122 20:15:34.317" level="INFO">Un-selecting options from selection list 'selenium_commands' by label Switch Commands.</msg>
<status status="PASS" starttime="20201122 20:15:34.316" endtime="20201122 20:15:34.506"></status>
</kw>
<status status="PASS" starttime="20201122 20:15:08.189" endtime="20201122 20:15:34.507" critical="yes"></status>
</test>
<status status="PASS" starttime="20201122 20:15:07.433" endtime="20201122 20:15:34.508"></status>
</suite>
<status status="PASS" starttime="20201122 20:15:07.361" endtime="20201122 20:15:34.512"></status>
</suite>
<statistics>
<total>
<stat pass="1" fail="0">Critical Tests</stat>
<stat pass="1" fail="0">All Tests</stat>
</total>
<tag>
</tag>
<suite>
<stat pass="1" fail="0" id="s1" name="TestCases">TestCases</stat>
<stat pass="1" fail="0" id="s1-s1" name="dropdownListbox">TestCases.dropdownListbox</stat>
</suite>
</statistics>
<errors>
</errors>
</robot>
